---------- Date: 2014-09-22 02:59:00 ~ IP : ::1 ----------
REQUEST URI : /
MOD DETAILS:
   modFile   : /Users/unobab/Desktop/kitchen/vqmod/xml/ocp_currency_dropdown.xml
   id        : Replaces currency blocks with a drop down menu.
   version   : 2
   vqmver    : 2.1.7
   author    : OpenCartPlus

File Name    : catalog/view/theme/*/template/common/header.tpl(0)
VQModObject::applyMod - EMPTY SEARCH CONTENT ERROR

File Name    : catalog/view/theme/*/template/common/header.tpl(0)
VQModObject::applyMod - SEARCH NOT FOUND (SKIPPED): 

----------------------------------------------------------------------


---------- Date: 2014-09-22 02:59:06 ~ IP : ::1 ----------
REQUEST URI : /index.php?route=product/product&amp;product_id=55
MOD DETAILS:
   modFile   : /Users/unobab/Desktop/kitchen/vqmod/xml/ocp_currency_dropdown.xml
   id        : Replaces currency blocks with a drop down menu.
   version   : 2
   vqmver    : 2.1.7
   author    : OpenCartPlus

File Name    : catalog/view/theme/*/template/common/header.tpl(0)
VQModObject::applyMod - EMPTY SEARCH CONTENT ERROR

File Name    : catalog/view/theme/*/template/common/header.tpl(0)
VQModObject::applyMod - SEARCH NOT FOUND (SKIPPED): 

----------------------------------------------------------------------


---------- Date: 2014-09-22 02:59:17 ~ IP : ::1 ----------
REQUEST URI : /index.php?route=product/category&amp;path=60_62
MOD DETAILS:
   modFile   : /Users/unobab/Desktop/kitchen/vqmod/xml/ocp_currency_dropdown.xml
   id        : Replaces currency blocks with a drop down menu.
   version   : 2
   vqmver    : 2.1.7
   author    : OpenCartPlus

File Name    : catalog/view/theme/*/template/common/header.tpl(0)
VQModObject::applyMod - EMPTY SEARCH CONTENT ERROR

File Name    : catalog/view/theme/*/template/common/header.tpl(0)
VQModObject::applyMod - SEARCH NOT FOUND (SKIPPED): 

----------------------------------------------------------------------


---------- Date: 2014-09-22 02:59:47 ~ IP : ::1 ----------
REQUEST URI : /index.php?route=product/product&amp;product_id=55
MOD DETAILS:
   modFile   : /Users/unobab/Desktop/kitchen/vqmod/xml/ocp_currency_dropdown.xml
   id        : Replaces currency blocks with a drop down menu.
   version   : 2
   vqmver    : 2.1.7
   author    : OpenCartPlus

File Name    : catalog/view/theme/*/template/common/header.tpl(0)
VQModObject::applyMod - EMPTY SEARCH CONTENT ERROR

File Name    : catalog/view/theme/*/template/common/header.tpl(0)
VQModObject::applyMod - SEARCH NOT FOUND (SKIPPED): 

----------------------------------------------------------------------


---------- Date: 2014-09-22 02:59:54 ~ IP : ::1 ----------
REQUEST URI : /index.php?route=product/category&amp;path=60_62
MOD DETAILS:
   modFile   : /Users/unobab/Desktop/kitchen/vqmod/xml/ocp_currency_dropdown.xml
   id        : Replaces currency blocks with a drop down menu.
   version   : 2
   vqmver    : 2.1.7
   author    : OpenCartPlus

File Name    : catalog/view/theme/*/template/common/header.tpl(0)
VQModObject::applyMod - EMPTY SEARCH CONTENT ERROR

File Name    : catalog/view/theme/*/template/common/header.tpl(0)
VQModObject::applyMod - SEARCH NOT FOUND (SKIPPED): 

----------------------------------------------------------------------


---------- Date: 2014-09-22 03:00:05 ~ IP : ::1 ----------
REQUEST URI : /index.php?route=checkout/cart
MOD DETAILS:
   modFile   : /Users/unobab/Desktop/kitchen/vqmod/xml/ocp_currency_dropdown.xml
   id        : Replaces currency blocks with a drop down menu.
   version   : 2
   vqmver    : 2.1.7
   author    : OpenCartPlus

File Name    : catalog/view/theme/*/template/common/header.tpl(0)
VQModObject::applyMod - EMPTY SEARCH CONTENT ERROR

File Name    : catalog/view/theme/*/template/common/header.tpl(0)
VQModObject::applyMod - SEARCH NOT FOUND (SKIPPED): 

----------------------------------------------------------------------


---------- Date: 2014-09-22 03:00:48 ~ IP : ::1 ----------
REQUEST URI : /index.php?route=checkout/cart
MOD DETAILS:
   modFile   : /Users/unobab/Desktop/kitchen/vqmod/xml/ocp_currency_dropdown.xml
   id        : Replaces currency blocks with a drop down menu.
   version   : 2
   vqmver    : 2.1.7
   author    : OpenCartPlus

File Name    : catalog/view/theme/*/template/common/header.tpl(0)
VQModObject::applyMod - EMPTY SEARCH CONTENT ERROR

File Name    : catalog/view/theme/*/template/common/header.tpl(0)
VQModObject::applyMod - SEARCH NOT FOUND (SKIPPED): 

----------------------------------------------------------------------


---------- Date: 2014-09-22 03:30:12 ~ IP : ::1 ----------
REQUEST URI : /index.php?route=checkout/checkout
MOD DETAILS:
   modFile   : /Users/unobab/Desktop/kitchen/vqmod/xml/ocp_currency_dropdown.xml
   id        : Replaces currency blocks with a drop down menu.
   version   : 2
   vqmver    : 2.1.7
   author    : OpenCartPlus

File Name    : catalog/view/theme/*/template/common/header.tpl(0)
VQModObject::applyMod - EMPTY SEARCH CONTENT ERROR

File Name    : catalog/view/theme/*/template/common/header.tpl(0)
VQModObject::applyMod - SEARCH NOT FOUND (SKIPPED): 

----------------------------------------------------------------------


---------- Date: 2014-09-22 05:53:33 ~ IP : ::1 ----------
REQUEST URI : /
MOD DETAILS:
   modFile   : /Users/unobab/Desktop/kitchen/vqmod/xml/ocp_currency_dropdown.xml
   id        : Replaces currency blocks with a drop down menu.
   version   : 2
   vqmver    : 2.1.7
   author    : OpenCartPlus

File Name    : catalog/view/theme/*/template/common/header.tpl(0)
VQModObject::applyMod - EMPTY SEARCH CONTENT ERROR

File Name    : catalog/view/theme/*/template/common/header.tpl(0)
VQModObject::applyMod - SEARCH NOT FOUND (SKIPPED): 

----------------------------------------------------------------------


---------- Date: 2014-09-22 17:06:29 ~ IP : ::1 ----------
REQUEST URI : /
MOD DETAILS:
   modFile   : /Users/unobab/Desktop/kitchen/vqmod/xml/ocp_currency_dropdown.xml
   id        : Replaces currency blocks with a drop down menu.
   version   : 2
   vqmver    : 2.1.7
   author    : OpenCartPlus

File Name    : catalog/view/theme/*/template/common/header.tpl(0)
VQModObject::applyMod - EMPTY SEARCH CONTENT ERROR

File Name    : catalog/view/theme/*/template/common/header.tpl(0)
VQModObject::applyMod - SEARCH NOT FOUND (SKIPPED): 

----------------------------------------------------------------------


---------- Date: 2014-09-22 17:06:47 ~ IP : ::1 ----------
REQUEST URI : /index.php?route=product/category&amp;path=60_62
MOD DETAILS:
   modFile   : /Users/unobab/Desktop/kitchen/vqmod/xml/ocp_currency_dropdown.xml
   id        : Replaces currency blocks with a drop down menu.
   version   : 2
   vqmver    : 2.1.7
   author    : OpenCartPlus

File Name    : catalog/view/theme/*/template/common/header.tpl(0)
VQModObject::applyMod - EMPTY SEARCH CONTENT ERROR

File Name    : catalog/view/theme/*/template/common/header.tpl(0)
VQModObject::applyMod - SEARCH NOT FOUND (SKIPPED): 

----------------------------------------------------------------------


---------- Date: 2014-09-22 17:06:50 ~ IP : ::1 ----------
REQUEST URI : /index.php?route=product/product&amp;path=60_62&amp;product_id=56
MOD DETAILS:
   modFile   : /Users/unobab/Desktop/kitchen/vqmod/xml/ocp_currency_dropdown.xml
   id        : Replaces currency blocks with a drop down menu.
   version   : 2
   vqmver    : 2.1.7
   author    : OpenCartPlus

File Name    : catalog/view/theme/*/template/common/header.tpl(0)
VQModObject::applyMod - EMPTY SEARCH CONTENT ERROR

File Name    : catalog/view/theme/*/template/common/header.tpl(0)
VQModObject::applyMod - SEARCH NOT FOUND (SKIPPED): 

----------------------------------------------------------------------


---------- Date: 2014-09-22 17:12:01 ~ IP : ::1 ----------
REQUEST URI : /index.php?route=product/product&amp;path=60_62&amp;product_id=56
MOD DETAILS:
   modFile   : /Users/unobab/Desktop/kitchen/vqmod/xml/ocp_currency_dropdown.xml
   id        : Replaces currency blocks with a drop down menu.
   version   : 2
   vqmver    : 2.1.7
   author    : OpenCartPlus

File Name    : catalog/view/theme/*/template/common/header.tpl(0)
VQModObject::applyMod - EMPTY SEARCH CONTENT ERROR

File Name    : catalog/view/theme/*/template/common/header.tpl(0)
VQModObject::applyMod - SEARCH NOT FOUND (SKIPPED): 

----------------------------------------------------------------------


---------- Date: 2014-09-22 17:12:28 ~ IP : ::1 ----------
REQUEST URI : /index.php?route=account/login
MOD DETAILS:
   modFile   : /Users/unobab/Desktop/kitchen/vqmod/xml/ocp_currency_dropdown.xml
   id        : Replaces currency blocks with a drop down menu.
   version   : 2
   vqmver    : 2.1.7
   author    : OpenCartPlus

File Name    : catalog/view/theme/*/template/common/header.tpl(0)
VQModObject::applyMod - EMPTY SEARCH CONTENT ERROR

File Name    : catalog/view/theme/*/template/common/header.tpl(0)
VQModObject::applyMod - SEARCH NOT FOUND (SKIPPED): 

----------------------------------------------------------------------


