---------- Date: 2014-09-23 07:53:42 ~ IP : ::1 ----------
REQUEST URI : /
MOD DETAILS:
   modFile   : /Users/unobab/Desktop/kitchen/vqmod/xml/ocp_currency_dropdown.xml
   id        : Replaces currency blocks with a drop down menu.
   version   : 2
   vqmver    : 2.1.7
   author    : OpenCartPlus

File Name    : catalog/view/theme/*/template/common/header.tpl(0)
VQModObject::applyMod - EMPTY SEARCH CONTENT ERROR

File Name    : catalog/view/theme/*/template/common/header.tpl(0)
VQModObject::applyMod - SEARCH NOT FOUND (SKIPPED): 

----------------------------------------------------------------------


---------- Date: 2014-09-23 07:55:38 ~ IP : ::1 ----------
REQUEST URI : /
MOD DETAILS:
   modFile   : /Users/unobab/Desktop/kitchen/vqmod/xml/ocp_currency_dropdown.xml
   id        : Replaces currency blocks with a drop down menu.
   version   : 2
   vqmver    : 2.1.7
   author    : OpenCartPlus

File Name    : catalog/view/theme/*/template/common/header.tpl(0)
VQModObject::applyMod - EMPTY SEARCH CONTENT ERROR

File Name    : catalog/view/theme/*/template/common/header.tpl(0)
VQModObject::applyMod - SEARCH NOT FOUND (SKIPPED): 

----------------------------------------------------------------------


---------- Date: 2014-09-23 07:58:04 ~ IP : ::1 ----------
REQUEST URI : /
MOD DETAILS:
   modFile   : /Users/unobab/Desktop/kitchen/vqmod/xml/ocp_currency_dropdown.xml
   id        : Replaces currency blocks with a drop down menu.
   version   : 2
   vqmver    : 2.1.7
   author    : OpenCartPlus

File Name    : catalog/view/theme/*/template/common/header.tpl(0)
VQModObject::applyMod - EMPTY SEARCH CONTENT ERROR

File Name    : catalog/view/theme/*/template/common/header.tpl(0)
VQModObject::applyMod - SEARCH NOT FOUND (SKIPPED): 

----------------------------------------------------------------------


---------- Date: 2014-09-23 08:15:54 ~ IP : ::1 ----------
REQUEST URI : /
MOD DETAILS:
   modFile   : /Users/unobab/Desktop/kitchen/vqmod/xml/ocp_currency_dropdown.xml
   id        : Replaces currency blocks with a drop down menu.
   version   : 2
   vqmver    : 2.1.7
   author    : OpenCartPlus

File Name    : catalog/view/theme/*/template/common/header.tpl(0)
VQModObject::applyMod - EMPTY SEARCH CONTENT ERROR

File Name    : catalog/view/theme/*/template/common/header.tpl(0)
VQModObject::applyMod - SEARCH NOT FOUND (SKIPPED): 

----------------------------------------------------------------------


---------- Date: 2014-09-23 08:16:24 ~ IP : ::1 ----------
REQUEST URI : /
MOD DETAILS:
   modFile   : /Users/unobab/Desktop/kitchen/vqmod/xml/ocp_currency_dropdown.xml
   id        : Replaces currency blocks with a drop down menu.
   version   : 2
   vqmver    : 2.1.7
   author    : OpenCartPlus

File Name    : catalog/view/theme/*/template/common/header.tpl(0)
VQModObject::applyMod - EMPTY SEARCH CONTENT ERROR

File Name    : catalog/view/theme/*/template/common/header.tpl(0)
VQModObject::applyMod - SEARCH NOT FOUND (SKIPPED): 

----------------------------------------------------------------------


---------- Date: 2014-09-23 09:06:37 ~ IP : ::1 ----------
REQUEST URI : /
MOD DETAILS:
   modFile   : /Users/unobab/Desktop/kitchen/vqmod/xml/ocp_currency_dropdown.xml
   id        : Replaces currency blocks with a drop down menu.
   version   : 2
   vqmver    : 2.1.7
   author    : OpenCartPlus

File Name    : catalog/view/theme/*/template/common/header.tpl(0)
VQModObject::applyMod - EMPTY SEARCH CONTENT ERROR

File Name    : catalog/view/theme/*/template/common/header.tpl(0)
VQModObject::applyMod - SEARCH NOT FOUND (SKIPPED): 

----------------------------------------------------------------------


---------- Date: 2014-09-23 09:06:43 ~ IP : ::1 ----------
REQUEST URI : /index.php?route=product/product&amp;product_id=55
MOD DETAILS:
   modFile   : /Users/unobab/Desktop/kitchen/vqmod/xml/ocp_currency_dropdown.xml
   id        : Replaces currency blocks with a drop down menu.
   version   : 2
   vqmver    : 2.1.7
   author    : OpenCartPlus

File Name    : catalog/view/theme/*/template/common/header.tpl(0)
VQModObject::applyMod - EMPTY SEARCH CONTENT ERROR

File Name    : catalog/view/theme/*/template/common/header.tpl(0)
VQModObject::applyMod - SEARCH NOT FOUND (SKIPPED): 

----------------------------------------------------------------------


---------- Date: 2014-09-23 09:06:51 ~ IP : ::1 ----------
REQUEST URI : /index.php?route=product/product&amp;product_id=55
MOD DETAILS:
   modFile   : /Users/unobab/Desktop/kitchen/vqmod/xml/ocp_currency_dropdown.xml
   id        : Replaces currency blocks with a drop down menu.
   version   : 2
   vqmver    : 2.1.7
   author    : OpenCartPlus

File Name    : catalog/view/theme/*/template/common/header.tpl(0)
VQModObject::applyMod - EMPTY SEARCH CONTENT ERROR

File Name    : catalog/view/theme/*/template/common/header.tpl(0)
VQModObject::applyMod - SEARCH NOT FOUND (SKIPPED): 

----------------------------------------------------------------------


---------- Date: 2014-09-23 09:07:14 ~ IP : ::1 ----------
REQUEST URI : /index.php?route=account/login
MOD DETAILS:
   modFile   : /Users/unobab/Desktop/kitchen/vqmod/xml/ocp_currency_dropdown.xml
   id        : Replaces currency blocks with a drop down menu.
   version   : 2
   vqmver    : 2.1.7
   author    : OpenCartPlus

File Name    : catalog/view/theme/*/template/common/header.tpl(0)
VQModObject::applyMod - EMPTY SEARCH CONTENT ERROR

File Name    : catalog/view/theme/*/template/common/header.tpl(0)
VQModObject::applyMod - SEARCH NOT FOUND (SKIPPED): 

----------------------------------------------------------------------


---------- Date: 2014-09-23 09:07:18 ~ IP : ::1 ----------
REQUEST URI : /index.php?route=account/login
MOD DETAILS:
   modFile   : /Users/unobab/Desktop/kitchen/vqmod/xml/ocp_currency_dropdown.xml
   id        : Replaces currency blocks with a drop down menu.
   version   : 2
   vqmver    : 2.1.7
   author    : OpenCartPlus

File Name    : catalog/view/theme/*/template/common/header.tpl(0)
VQModObject::applyMod - EMPTY SEARCH CONTENT ERROR

File Name    : catalog/view/theme/*/template/common/header.tpl(0)
VQModObject::applyMod - SEARCH NOT FOUND (SKIPPED): 

----------------------------------------------------------------------


---------- Date: 2014-09-23 09:07:25 ~ IP : ::1 ----------
REQUEST URI : /index.php?route=account/login
MOD DETAILS:
   modFile   : /Users/unobab/Desktop/kitchen/vqmod/xml/ocp_currency_dropdown.xml
   id        : Replaces currency blocks with a drop down menu.
   version   : 2
   vqmver    : 2.1.7
   author    : OpenCartPlus

File Name    : catalog/view/theme/*/template/common/header.tpl(0)
VQModObject::applyMod - EMPTY SEARCH CONTENT ERROR

File Name    : catalog/view/theme/*/template/common/header.tpl(0)
VQModObject::applyMod - SEARCH NOT FOUND (SKIPPED): 

----------------------------------------------------------------------


---------- Date: 2014-09-23 09:07:29 ~ IP : ::1 ----------
REQUEST URI : /index.php?route=account/forgotten
MOD DETAILS:
   modFile   : /Users/unobab/Desktop/kitchen/vqmod/xml/ocp_currency_dropdown.xml
   id        : Replaces currency blocks with a drop down menu.
   version   : 2
   vqmver    : 2.1.7
   author    : OpenCartPlus

File Name    : catalog/view/theme/*/template/common/header.tpl(0)
VQModObject::applyMod - EMPTY SEARCH CONTENT ERROR

File Name    : catalog/view/theme/*/template/common/header.tpl(0)
VQModObject::applyMod - SEARCH NOT FOUND (SKIPPED): 

----------------------------------------------------------------------


---------- Date: 2014-09-23 09:07:37 ~ IP : ::1 ----------
REQUEST URI : /index.php?route=account/login
MOD DETAILS:
   modFile   : /Users/unobab/Desktop/kitchen/vqmod/xml/ocp_currency_dropdown.xml
   id        : Replaces currency blocks with a drop down menu.
   version   : 2
   vqmver    : 2.1.7
   author    : OpenCartPlus

File Name    : catalog/view/theme/*/template/common/header.tpl(0)
VQModObject::applyMod - EMPTY SEARCH CONTENT ERROR

File Name    : catalog/view/theme/*/template/common/header.tpl(0)
VQModObject::applyMod - SEARCH NOT FOUND (SKIPPED): 

----------------------------------------------------------------------


---------- Date: 2014-09-23 09:07:58 ~ IP : ::1 ----------
REQUEST URI : /index.php?route=common/home
MOD DETAILS:
   modFile   : /Users/unobab/Desktop/kitchen/vqmod/xml/ocp_currency_dropdown.xml
   id        : Replaces currency blocks with a drop down menu.
   version   : 2
   vqmver    : 2.1.7
   author    : OpenCartPlus

File Name    : catalog/view/theme/*/template/common/header.tpl(0)
VQModObject::applyMod - EMPTY SEARCH CONTENT ERROR

File Name    : catalog/view/theme/*/template/common/header.tpl(0)
VQModObject::applyMod - SEARCH NOT FOUND (SKIPPED): 

----------------------------------------------------------------------


---------- Date: 2014-09-23 18:55:35 ~ IP : ::1 ----------
REQUEST URI : /
MOD DETAILS:
   modFile   : /Users/unobab/Desktop/kitchen/vqmod/xml/ocp_currency_dropdown.xml
   id        : Replaces currency blocks with a drop down menu.
   version   : 2
   vqmver    : 2.1.7
   author    : OpenCartPlus

File Name    : catalog/view/theme/*/template/common/header.tpl(0)
VQModObject::applyMod - EMPTY SEARCH CONTENT ERROR

File Name    : catalog/view/theme/*/template/common/header.tpl(0)
VQModObject::applyMod - SEARCH NOT FOUND (SKIPPED): 

----------------------------------------------------------------------


---------- Date: 2014-09-23 18:55:45 ~ IP : ::1 ----------
REQUEST URI : /index.php?route=account/login
MOD DETAILS:
   modFile   : /Users/unobab/Desktop/kitchen/vqmod/xml/ocp_currency_dropdown.xml
   id        : Replaces currency blocks with a drop down menu.
   version   : 2
   vqmver    : 2.1.7
   author    : OpenCartPlus

File Name    : catalog/view/theme/*/template/common/header.tpl(0)
VQModObject::applyMod - EMPTY SEARCH CONTENT ERROR

File Name    : catalog/view/theme/*/template/common/header.tpl(0)
VQModObject::applyMod - SEARCH NOT FOUND (SKIPPED): 

----------------------------------------------------------------------


---------- Date: 2014-09-23 18:55:55 ~ IP : ::1 ----------
REQUEST URI : /index.php?route=account/login
MOD DETAILS:
   modFile   : /Users/unobab/Desktop/kitchen/vqmod/xml/ocp_currency_dropdown.xml
   id        : Replaces currency blocks with a drop down menu.
   version   : 2
   vqmver    : 2.1.7
   author    : OpenCartPlus

File Name    : catalog/view/theme/*/template/common/header.tpl(0)
VQModObject::applyMod - EMPTY SEARCH CONTENT ERROR

File Name    : catalog/view/theme/*/template/common/header.tpl(0)
VQModObject::applyMod - SEARCH NOT FOUND (SKIPPED): 

----------------------------------------------------------------------


---------- Date: 2014-09-23 18:56:07 ~ IP : ::1 ----------
REQUEST URI : /index.php?route=account/order
MOD DETAILS:
   modFile   : /Users/unobab/Desktop/kitchen/vqmod/xml/ocp_currency_dropdown.xml
   id        : Replaces currency blocks with a drop down menu.
   version   : 2
   vqmver    : 2.1.7
   author    : OpenCartPlus

File Name    : catalog/view/theme/*/template/common/header.tpl(0)
VQModObject::applyMod - EMPTY SEARCH CONTENT ERROR

File Name    : catalog/view/theme/*/template/common/header.tpl(0)
VQModObject::applyMod - SEARCH NOT FOUND (SKIPPED): 

----------------------------------------------------------------------


---------- Date: 2014-09-23 18:56:13 ~ IP : ::1 ----------
REQUEST URI : /index.php?route=account/address
MOD DETAILS:
   modFile   : /Users/unobab/Desktop/kitchen/vqmod/xml/ocp_currency_dropdown.xml
   id        : Replaces currency blocks with a drop down menu.
   version   : 2
   vqmver    : 2.1.7
   author    : OpenCartPlus

File Name    : catalog/view/theme/*/template/common/header.tpl(0)
VQModObject::applyMod - EMPTY SEARCH CONTENT ERROR

File Name    : catalog/view/theme/*/template/common/header.tpl(0)
VQModObject::applyMod - SEARCH NOT FOUND (SKIPPED): 

----------------------------------------------------------------------


---------- Date: 2014-09-23 18:57:29 ~ IP : ::1 ----------
REQUEST URI : /index.php?route=account/address
MOD DETAILS:
   modFile   : /Users/unobab/Desktop/kitchen/vqmod/xml/ocp_currency_dropdown.xml
   id        : Replaces currency blocks with a drop down menu.
   version   : 2
   vqmver    : 2.1.7
   author    : OpenCartPlus

File Name    : catalog/view/theme/*/template/common/header.tpl(0)
VQModObject::applyMod - EMPTY SEARCH CONTENT ERROR

File Name    : catalog/view/theme/*/template/common/header.tpl(0)
VQModObject::applyMod - SEARCH NOT FOUND (SKIPPED): 

----------------------------------------------------------------------


---------- Date: 2014-09-23 18:57:48 ~ IP : ::1 ----------
REQUEST URI : /index.php?route=account/address
MOD DETAILS:
   modFile   : /Users/unobab/Desktop/kitchen/vqmod/xml/ocp_currency_dropdown.xml
   id        : Replaces currency blocks with a drop down menu.
   version   : 2
   vqmver    : 2.1.7
   author    : OpenCartPlus

File Name    : catalog/view/theme/*/template/common/header.tpl(0)
VQModObject::applyMod - EMPTY SEARCH CONTENT ERROR

File Name    : catalog/view/theme/*/template/common/header.tpl(0)
VQModObject::applyMod - SEARCH NOT FOUND (SKIPPED): 

----------------------------------------------------------------------


---------- Date: 2014-09-23 18:58:19 ~ IP : ::1 ----------
REQUEST URI : /index.php?route=account/address
MOD DETAILS:
   modFile   : /Users/unobab/Desktop/kitchen/vqmod/xml/ocp_currency_dropdown.xml
   id        : Replaces currency blocks with a drop down menu.
   version   : 2
   vqmver    : 2.1.7
   author    : OpenCartPlus

File Name    : catalog/view/theme/*/template/common/header.tpl(0)
VQModObject::applyMod - EMPTY SEARCH CONTENT ERROR

File Name    : catalog/view/theme/*/template/common/header.tpl(0)
VQModObject::applyMod - SEARCH NOT FOUND (SKIPPED): 

----------------------------------------------------------------------


---------- Date: 2014-09-23 19:00:14 ~ IP : ::1 ----------
REQUEST URI : /index.php?route=account/address
MOD DETAILS:
   modFile   : /Users/unobab/Desktop/kitchen/vqmod/xml/ocp_currency_dropdown.xml
   id        : Replaces currency blocks with a drop down menu.
   version   : 2
   vqmver    : 2.1.7
   author    : OpenCartPlus

File Name    : catalog/view/theme/*/template/common/header.tpl(0)
VQModObject::applyMod - EMPTY SEARCH CONTENT ERROR

File Name    : catalog/view/theme/*/template/common/header.tpl(0)
VQModObject::applyMod - SEARCH NOT FOUND (SKIPPED): 

----------------------------------------------------------------------


---------- Date: 2014-09-23 19:02:03 ~ IP : ::1 ----------
REQUEST URI : /index.php?route=account/address
MOD DETAILS:
   modFile   : /Users/unobab/Desktop/kitchen/vqmod/xml/ocp_currency_dropdown.xml
   id        : Replaces currency blocks with a drop down menu.
   version   : 2
   vqmver    : 2.1.7
   author    : OpenCartPlus

File Name    : catalog/view/theme/*/template/common/header.tpl(0)
VQModObject::applyMod - EMPTY SEARCH CONTENT ERROR

File Name    : catalog/view/theme/*/template/common/header.tpl(0)
VQModObject::applyMod - SEARCH NOT FOUND (SKIPPED): 

----------------------------------------------------------------------


---------- Date: 2014-09-23 19:02:13 ~ IP : ::1 ----------
REQUEST URI : /index.php?route=account/address
MOD DETAILS:
   modFile   : /Users/unobab/Desktop/kitchen/vqmod/xml/ocp_currency_dropdown.xml
   id        : Replaces currency blocks with a drop down menu.
   version   : 2
   vqmver    : 2.1.7
   author    : OpenCartPlus

File Name    : catalog/view/theme/*/template/common/header.tpl(0)
VQModObject::applyMod - EMPTY SEARCH CONTENT ERROR

File Name    : catalog/view/theme/*/template/common/header.tpl(0)
VQModObject::applyMod - SEARCH NOT FOUND (SKIPPED): 

----------------------------------------------------------------------


---------- Date: 2014-09-23 19:02:29 ~ IP : ::1 ----------
REQUEST URI : /index.php?route=account/address
MOD DETAILS:
   modFile   : /Users/unobab/Desktop/kitchen/vqmod/xml/ocp_currency_dropdown.xml
   id        : Replaces currency blocks with a drop down menu.
   version   : 2
   vqmver    : 2.1.7
   author    : OpenCartPlus

File Name    : catalog/view/theme/*/template/common/header.tpl(0)
VQModObject::applyMod - EMPTY SEARCH CONTENT ERROR

File Name    : catalog/view/theme/*/template/common/header.tpl(0)
VQModObject::applyMod - SEARCH NOT FOUND (SKIPPED): 

----------------------------------------------------------------------


---------- Date: 2014-09-23 19:02:37 ~ IP : ::1 ----------
REQUEST URI : /index.php?route=account/address/delete&amp;address_id=3
MOD DETAILS:
   modFile   : /Users/unobab/Desktop/kitchen/vqmod/xml/ocp_currency_dropdown.xml
   id        : Replaces currency blocks with a drop down menu.
   version   : 2
   vqmver    : 2.1.7
   author    : OpenCartPlus

File Name    : catalog/view/theme/*/template/common/header.tpl(0)
VQModObject::applyMod - EMPTY SEARCH CONTENT ERROR

File Name    : catalog/view/theme/*/template/common/header.tpl(0)
VQModObject::applyMod - SEARCH NOT FOUND (SKIPPED): 

----------------------------------------------------------------------


---------- Date: 2014-09-23 19:02:41 ~ IP : ::1 ----------
REQUEST URI : /index.php?route=account/address/insert
MOD DETAILS:
   modFile   : /Users/unobab/Desktop/kitchen/vqmod/xml/ocp_currency_dropdown.xml
   id        : Replaces currency blocks with a drop down menu.
   version   : 2
   vqmver    : 2.1.7
   author    : OpenCartPlus

File Name    : catalog/view/theme/*/template/common/header.tpl(0)
VQModObject::applyMod - EMPTY SEARCH CONTENT ERROR

File Name    : catalog/view/theme/*/template/common/header.tpl(0)
VQModObject::applyMod - SEARCH NOT FOUND (SKIPPED): 

----------------------------------------------------------------------


---------- Date: 2014-09-23 19:03:39 ~ IP : ::1 ----------
REQUEST URI : /index.php?route=account/address/insert
MOD DETAILS:
   modFile   : /Users/unobab/Desktop/kitchen/vqmod/xml/ocp_currency_dropdown.xml
   id        : Replaces currency blocks with a drop down menu.
   version   : 2
   vqmver    : 2.1.7
   author    : OpenCartPlus

File Name    : catalog/view/theme/*/template/common/header.tpl(0)
VQModObject::applyMod - EMPTY SEARCH CONTENT ERROR

File Name    : catalog/view/theme/*/template/common/header.tpl(0)
VQModObject::applyMod - SEARCH NOT FOUND (SKIPPED): 

----------------------------------------------------------------------


---------- Date: 2014-09-23 19:09:59 ~ IP : ::1 ----------
REQUEST URI : /index.php?route=account/address/insert
MOD DETAILS:
   modFile   : /Users/unobab/Desktop/kitchen/vqmod/xml/ocp_currency_dropdown.xml
   id        : Replaces currency blocks with a drop down menu.
   version   : 2
   vqmver    : 2.1.7
   author    : OpenCartPlus

File Name    : catalog/view/theme/*/template/common/header.tpl(0)
VQModObject::applyMod - EMPTY SEARCH CONTENT ERROR

File Name    : catalog/view/theme/*/template/common/header.tpl(0)
VQModObject::applyMod - SEARCH NOT FOUND (SKIPPED): 

----------------------------------------------------------------------


---------- Date: 2014-09-23 19:10:26 ~ IP : ::1 ----------
REQUEST URI : /index.php?route=account/address/insert
MOD DETAILS:
   modFile   : /Users/unobab/Desktop/kitchen/vqmod/xml/ocp_currency_dropdown.xml
   id        : Replaces currency blocks with a drop down menu.
   version   : 2
   vqmver    : 2.1.7
   author    : OpenCartPlus

File Name    : catalog/view/theme/*/template/common/header.tpl(0)
VQModObject::applyMod - EMPTY SEARCH CONTENT ERROR

File Name    : catalog/view/theme/*/template/common/header.tpl(0)
VQModObject::applyMod - SEARCH NOT FOUND (SKIPPED): 

----------------------------------------------------------------------


---------- Date: 2014-09-23 19:11:07 ~ IP : ::1 ----------
REQUEST URI : /index.php?route=account/address/insert
MOD DETAILS:
   modFile   : /Users/unobab/Desktop/kitchen/vqmod/xml/ocp_currency_dropdown.xml
   id        : Replaces currency blocks with a drop down menu.
   version   : 2
   vqmver    : 2.1.7
   author    : OpenCartPlus

File Name    : catalog/view/theme/*/template/common/header.tpl(0)
VQModObject::applyMod - EMPTY SEARCH CONTENT ERROR

File Name    : catalog/view/theme/*/template/common/header.tpl(0)
VQModObject::applyMod - SEARCH NOT FOUND (SKIPPED): 

----------------------------------------------------------------------


---------- Date: 2014-09-23 19:12:52 ~ IP : ::1 ----------
REQUEST URI : /index.php?route=account/address/insert
MOD DETAILS:
   modFile   : /Users/unobab/Desktop/kitchen/vqmod/xml/ocp_currency_dropdown.xml
   id        : Replaces currency blocks with a drop down menu.
   version   : 2
   vqmver    : 2.1.7
   author    : OpenCartPlus

File Name    : catalog/view/theme/*/template/common/header.tpl(0)
VQModObject::applyMod - EMPTY SEARCH CONTENT ERROR

File Name    : catalog/view/theme/*/template/common/header.tpl(0)
VQModObject::applyMod - SEARCH NOT FOUND (SKIPPED): 

----------------------------------------------------------------------


---------- Date: 2014-09-23 19:13:34 ~ IP : ::1 ----------
REQUEST URI : /index.php?route=account/address/insert
MOD DETAILS:
   modFile   : /Users/unobab/Desktop/kitchen/vqmod/xml/ocp_currency_dropdown.xml
   id        : Replaces currency blocks with a drop down menu.
   version   : 2
   vqmver    : 2.1.7
   author    : OpenCartPlus

File Name    : catalog/view/theme/*/template/common/header.tpl(0)
VQModObject::applyMod - EMPTY SEARCH CONTENT ERROR

File Name    : catalog/view/theme/*/template/common/header.tpl(0)
VQModObject::applyMod - SEARCH NOT FOUND (SKIPPED): 

----------------------------------------------------------------------


---------- Date: 2014-09-23 19:13:38 ~ IP : ::1 ----------
REQUEST URI : /index.php?route=account/address/insert
MOD DETAILS:
   modFile   : /Users/unobab/Desktop/kitchen/vqmod/xml/ocp_currency_dropdown.xml
   id        : Replaces currency blocks with a drop down menu.
   version   : 2
   vqmver    : 2.1.7
   author    : OpenCartPlus

File Name    : catalog/view/theme/*/template/common/header.tpl(0)
VQModObject::applyMod - EMPTY SEARCH CONTENT ERROR

File Name    : catalog/view/theme/*/template/common/header.tpl(0)
VQModObject::applyMod - SEARCH NOT FOUND (SKIPPED): 

----------------------------------------------------------------------


---------- Date: 2014-09-23 19:14:28 ~ IP : ::1 ----------
REQUEST URI : /index.php?route=account/address/insert
MOD DETAILS:
   modFile   : /Users/unobab/Desktop/kitchen/vqmod/xml/ocp_currency_dropdown.xml
   id        : Replaces currency blocks with a drop down menu.
   version   : 2
   vqmver    : 2.1.7
   author    : OpenCartPlus

File Name    : catalog/view/theme/*/template/common/header.tpl(0)
VQModObject::applyMod - EMPTY SEARCH CONTENT ERROR

File Name    : catalog/view/theme/*/template/common/header.tpl(0)
VQModObject::applyMod - SEARCH NOT FOUND (SKIPPED): 

----------------------------------------------------------------------


---------- Date: 2014-09-23 19:16:34 ~ IP : ::1 ----------
REQUEST URI : /index.php?route=account/address/insert
MOD DETAILS:
   modFile   : /Users/unobab/Desktop/kitchen/vqmod/xml/ocp_currency_dropdown.xml
   id        : Replaces currency blocks with a drop down menu.
   version   : 2
   vqmver    : 2.1.7
   author    : OpenCartPlus

File Name    : catalog/view/theme/*/template/common/header.tpl(0)
VQModObject::applyMod - EMPTY SEARCH CONTENT ERROR

File Name    : catalog/view/theme/*/template/common/header.tpl(0)
VQModObject::applyMod - SEARCH NOT FOUND (SKIPPED): 

----------------------------------------------------------------------


---------- Date: 2014-09-23 19:16:34 ~ IP : ::1 ----------
REQUEST URI : /index.php?route=account/address/insert
MOD DETAILS:
   modFile   : /Users/unobab/Desktop/kitchen/vqmod/xml/ocp_currency_dropdown.xml
   id        : Replaces currency blocks with a drop down menu.
   version   : 2
   vqmver    : 2.1.7
   author    : OpenCartPlus

File Name    : catalog/view/theme/*/template/common/header.tpl(0)
VQModObject::applyMod - EMPTY SEARCH CONTENT ERROR

File Name    : catalog/view/theme/*/template/common/header.tpl(0)
VQModObject::applyMod - SEARCH NOT FOUND (SKIPPED): 

----------------------------------------------------------------------


---------- Date: 2014-09-23 19:17:41 ~ IP : ::1 ----------
REQUEST URI : /index.php?route=account/address/insert
MOD DETAILS:
   modFile   : /Users/unobab/Desktop/kitchen/vqmod/xml/ocp_currency_dropdown.xml
   id        : Replaces currency blocks with a drop down menu.
   version   : 2
   vqmver    : 2.1.7
   author    : OpenCartPlus

File Name    : catalog/view/theme/*/template/common/header.tpl(0)
VQModObject::applyMod - EMPTY SEARCH CONTENT ERROR

File Name    : catalog/view/theme/*/template/common/header.tpl(0)
VQModObject::applyMod - SEARCH NOT FOUND (SKIPPED): 

----------------------------------------------------------------------


---------- Date: 2014-09-23 19:20:51 ~ IP : ::1 ----------
REQUEST URI : /index.php?route=account/address/insert
MOD DETAILS:
   modFile   : /Users/unobab/Desktop/kitchen/vqmod/xml/ocp_currency_dropdown.xml
   id        : Replaces currency blocks with a drop down menu.
   version   : 2
   vqmver    : 2.1.7
   author    : OpenCartPlus

File Name    : catalog/view/theme/*/template/common/header.tpl(0)
VQModObject::applyMod - EMPTY SEARCH CONTENT ERROR

File Name    : catalog/view/theme/*/template/common/header.tpl(0)
VQModObject::applyMod - SEARCH NOT FOUND (SKIPPED): 

----------------------------------------------------------------------


---------- Date: 2014-09-23 19:20:54 ~ IP : ::1 ----------
REQUEST URI : /index.php?route=account/address/insert
MOD DETAILS:
   modFile   : /Users/unobab/Desktop/kitchen/vqmod/xml/ocp_currency_dropdown.xml
   id        : Replaces currency blocks with a drop down menu.
   version   : 2
   vqmver    : 2.1.7
   author    : OpenCartPlus

File Name    : catalog/view/theme/*/template/common/header.tpl(0)
VQModObject::applyMod - EMPTY SEARCH CONTENT ERROR

File Name    : catalog/view/theme/*/template/common/header.tpl(0)
VQModObject::applyMod - SEARCH NOT FOUND (SKIPPED): 

----------------------------------------------------------------------


---------- Date: 2014-09-23 19:20:58 ~ IP : ::1 ----------
REQUEST URI : /index.php?route=account/address/insert
MOD DETAILS:
   modFile   : /Users/unobab/Desktop/kitchen/vqmod/xml/ocp_currency_dropdown.xml
   id        : Replaces currency blocks with a drop down menu.
   version   : 2
   vqmver    : 2.1.7
   author    : OpenCartPlus

File Name    : catalog/view/theme/*/template/common/header.tpl(0)
VQModObject::applyMod - EMPTY SEARCH CONTENT ERROR

File Name    : catalog/view/theme/*/template/common/header.tpl(0)
VQModObject::applyMod - SEARCH NOT FOUND (SKIPPED): 

----------------------------------------------------------------------


---------- Date: 2014-09-23 19:24:35 ~ IP : ::1 ----------
REQUEST URI : /index.php?route=account/address/insert
MOD DETAILS:
   modFile   : /Users/unobab/Desktop/kitchen/vqmod/xml/ocp_currency_dropdown.xml
   id        : Replaces currency blocks with a drop down menu.
   version   : 2
   vqmver    : 2.1.7
   author    : OpenCartPlus

File Name    : catalog/view/theme/*/template/common/header.tpl(0)
VQModObject::applyMod - EMPTY SEARCH CONTENT ERROR

File Name    : catalog/view/theme/*/template/common/header.tpl(0)
VQModObject::applyMod - SEARCH NOT FOUND (SKIPPED): 

----------------------------------------------------------------------


---------- Date: 2014-09-23 19:24:49 ~ IP : ::1 ----------
REQUEST URI : /index.php?route=account/address/insert
MOD DETAILS:
   modFile   : /Users/unobab/Desktop/kitchen/vqmod/xml/ocp_currency_dropdown.xml
   id        : Replaces currency blocks with a drop down menu.
   version   : 2
   vqmver    : 2.1.7
   author    : OpenCartPlus

File Name    : catalog/view/theme/*/template/common/header.tpl(0)
VQModObject::applyMod - EMPTY SEARCH CONTENT ERROR

File Name    : catalog/view/theme/*/template/common/header.tpl(0)
VQModObject::applyMod - SEARCH NOT FOUND (SKIPPED): 

----------------------------------------------------------------------


---------- Date: 2014-09-23 19:24:59 ~ IP : ::1 ----------
REQUEST URI : /index.php?route=account/address/insert
MOD DETAILS:
   modFile   : /Users/unobab/Desktop/kitchen/vqmod/xml/ocp_currency_dropdown.xml
   id        : Replaces currency blocks with a drop down menu.
   version   : 2
   vqmver    : 2.1.7
   author    : OpenCartPlus

File Name    : catalog/view/theme/*/template/common/header.tpl(0)
VQModObject::applyMod - EMPTY SEARCH CONTENT ERROR

File Name    : catalog/view/theme/*/template/common/header.tpl(0)
VQModObject::applyMod - SEARCH NOT FOUND (SKIPPED): 

----------------------------------------------------------------------


---------- Date: 2014-09-23 19:25:38 ~ IP : ::1 ----------
REQUEST URI : /index.php?route=account/address/insert
MOD DETAILS:
   modFile   : /Users/unobab/Desktop/kitchen/vqmod/xml/ocp_currency_dropdown.xml
   id        : Replaces currency blocks with a drop down menu.
   version   : 2
   vqmver    : 2.1.7
   author    : OpenCartPlus

File Name    : catalog/view/theme/*/template/common/header.tpl(0)
VQModObject::applyMod - EMPTY SEARCH CONTENT ERROR

File Name    : catalog/view/theme/*/template/common/header.tpl(0)
VQModObject::applyMod - SEARCH NOT FOUND (SKIPPED): 

----------------------------------------------------------------------


---------- Date: 2014-09-23 19:25:41 ~ IP : ::1 ----------
REQUEST URI : /index.php?route=account/address/insert
MOD DETAILS:
   modFile   : /Users/unobab/Desktop/kitchen/vqmod/xml/ocp_currency_dropdown.xml
   id        : Replaces currency blocks with a drop down menu.
   version   : 2
   vqmver    : 2.1.7
   author    : OpenCartPlus

File Name    : catalog/view/theme/*/template/common/header.tpl(0)
VQModObject::applyMod - EMPTY SEARCH CONTENT ERROR

File Name    : catalog/view/theme/*/template/common/header.tpl(0)
VQModObject::applyMod - SEARCH NOT FOUND (SKIPPED): 

----------------------------------------------------------------------


---------- Date: 2014-09-23 19:25:51 ~ IP : ::1 ----------
REQUEST URI : /index.php?route=account/address/insert
MOD DETAILS:
   modFile   : /Users/unobab/Desktop/kitchen/vqmod/xml/ocp_currency_dropdown.xml
   id        : Replaces currency blocks with a drop down menu.
   version   : 2
   vqmver    : 2.1.7
   author    : OpenCartPlus

File Name    : catalog/view/theme/*/template/common/header.tpl(0)
VQModObject::applyMod - EMPTY SEARCH CONTENT ERROR

File Name    : catalog/view/theme/*/template/common/header.tpl(0)
VQModObject::applyMod - SEARCH NOT FOUND (SKIPPED): 

----------------------------------------------------------------------


---------- Date: 2014-09-23 19:27:06 ~ IP : ::1 ----------
REQUEST URI : /index.php?route=account/address/insert
MOD DETAILS:
   modFile   : /Users/unobab/Desktop/kitchen/vqmod/xml/ocp_currency_dropdown.xml
   id        : Replaces currency blocks with a drop down menu.
   version   : 2
   vqmver    : 2.1.7
   author    : OpenCartPlus

File Name    : catalog/view/theme/*/template/common/header.tpl(0)
VQModObject::applyMod - EMPTY SEARCH CONTENT ERROR

File Name    : catalog/view/theme/*/template/common/header.tpl(0)
VQModObject::applyMod - SEARCH NOT FOUND (SKIPPED): 

----------------------------------------------------------------------


---------- Date: 2014-09-23 19:28:26 ~ IP : ::1 ----------
REQUEST URI : /index.php?route=account/address/insert
MOD DETAILS:
   modFile   : /Users/unobab/Desktop/kitchen/vqmod/xml/ocp_currency_dropdown.xml
   id        : Replaces currency blocks with a drop down menu.
   version   : 2
   vqmver    : 2.1.7
   author    : OpenCartPlus

File Name    : catalog/view/theme/*/template/common/header.tpl(0)
VQModObject::applyMod - EMPTY SEARCH CONTENT ERROR

File Name    : catalog/view/theme/*/template/common/header.tpl(0)
VQModObject::applyMod - SEARCH NOT FOUND (SKIPPED): 

----------------------------------------------------------------------


---------- Date: 2014-09-23 19:28:44 ~ IP : ::1 ----------
REQUEST URI : /index.php?route=account/address/insert
MOD DETAILS:
   modFile   : /Users/unobab/Desktop/kitchen/vqmod/xml/ocp_currency_dropdown.xml
   id        : Replaces currency blocks with a drop down menu.
   version   : 2
   vqmver    : 2.1.7
   author    : OpenCartPlus

File Name    : catalog/view/theme/*/template/common/header.tpl(0)
VQModObject::applyMod - EMPTY SEARCH CONTENT ERROR

File Name    : catalog/view/theme/*/template/common/header.tpl(0)
VQModObject::applyMod - SEARCH NOT FOUND (SKIPPED): 

----------------------------------------------------------------------


---------- Date: 2014-09-23 19:29:08 ~ IP : ::1 ----------
REQUEST URI : /index.php?route=account/address/insert
MOD DETAILS:
   modFile   : /Users/unobab/Desktop/kitchen/vqmod/xml/ocp_currency_dropdown.xml
   id        : Replaces currency blocks with a drop down menu.
   version   : 2
   vqmver    : 2.1.7
   author    : OpenCartPlus

File Name    : catalog/view/theme/*/template/common/header.tpl(0)
VQModObject::applyMod - EMPTY SEARCH CONTENT ERROR

File Name    : catalog/view/theme/*/template/common/header.tpl(0)
VQModObject::applyMod - SEARCH NOT FOUND (SKIPPED): 

----------------------------------------------------------------------


---------- Date: 2014-09-23 19:29:17 ~ IP : ::1 ----------
REQUEST URI : /index.php?route=account/address/insert
MOD DETAILS:
   modFile   : /Users/unobab/Desktop/kitchen/vqmod/xml/ocp_currency_dropdown.xml
   id        : Replaces currency blocks with a drop down menu.
   version   : 2
   vqmver    : 2.1.7
   author    : OpenCartPlus

File Name    : catalog/view/theme/*/template/common/header.tpl(0)
VQModObject::applyMod - EMPTY SEARCH CONTENT ERROR

File Name    : catalog/view/theme/*/template/common/header.tpl(0)
VQModObject::applyMod - SEARCH NOT FOUND (SKIPPED): 

----------------------------------------------------------------------


---------- Date: 2014-09-23 19:29:24 ~ IP : ::1 ----------
REQUEST URI : /index.php?route=account/address/insert
MOD DETAILS:
   modFile   : /Users/unobab/Desktop/kitchen/vqmod/xml/ocp_currency_dropdown.xml
   id        : Replaces currency blocks with a drop down menu.
   version   : 2
   vqmver    : 2.1.7
   author    : OpenCartPlus

File Name    : catalog/view/theme/*/template/common/header.tpl(0)
VQModObject::applyMod - EMPTY SEARCH CONTENT ERROR

File Name    : catalog/view/theme/*/template/common/header.tpl(0)
VQModObject::applyMod - SEARCH NOT FOUND (SKIPPED): 

----------------------------------------------------------------------


---------- Date: 2014-09-23 19:31:22 ~ IP : ::1 ----------
REQUEST URI : /index.php?route=account/address/insert
MOD DETAILS:
   modFile   : /Users/unobab/Desktop/kitchen/vqmod/xml/ocp_currency_dropdown.xml
   id        : Replaces currency blocks with a drop down menu.
   version   : 2
   vqmver    : 2.1.7
   author    : OpenCartPlus

File Name    : catalog/view/theme/*/template/common/header.tpl(0)
VQModObject::applyMod - EMPTY SEARCH CONTENT ERROR

File Name    : catalog/view/theme/*/template/common/header.tpl(0)
VQModObject::applyMod - SEARCH NOT FOUND (SKIPPED): 

----------------------------------------------------------------------


---------- Date: 2014-09-23 19:31:54 ~ IP : ::1 ----------
REQUEST URI : /index.php?route=common/home
MOD DETAILS:
   modFile   : /Users/unobab/Desktop/kitchen/vqmod/xml/ocp_currency_dropdown.xml
   id        : Replaces currency blocks with a drop down menu.
   version   : 2
   vqmver    : 2.1.7
   author    : OpenCartPlus

File Name    : catalog/view/theme/*/template/common/header.tpl(0)
VQModObject::applyMod - EMPTY SEARCH CONTENT ERROR

File Name    : catalog/view/theme/*/template/common/header.tpl(0)
VQModObject::applyMod - SEARCH NOT FOUND (SKIPPED): 

----------------------------------------------------------------------


---------- Date: 2014-09-23 19:32:08 ~ IP : ::1 ----------
REQUEST URI : /index.php?route=common/home
MOD DETAILS:
   modFile   : /Users/unobab/Desktop/kitchen/vqmod/xml/ocp_currency_dropdown.xml
   id        : Replaces currency blocks with a drop down menu.
   version   : 2
   vqmver    : 2.1.7
   author    : OpenCartPlus

File Name    : catalog/view/theme/*/template/common/header.tpl(0)
VQModObject::applyMod - EMPTY SEARCH CONTENT ERROR

File Name    : catalog/view/theme/*/template/common/header.tpl(0)
VQModObject::applyMod - SEARCH NOT FOUND (SKIPPED): 

----------------------------------------------------------------------


---------- Date: 2014-09-23 19:32:17 ~ IP : ::1 ----------
REQUEST URI : /index.php?route=account/address/insert
MOD DETAILS:
   modFile   : /Users/unobab/Desktop/kitchen/vqmod/xml/ocp_currency_dropdown.xml
   id        : Replaces currency blocks with a drop down menu.
   version   : 2
   vqmver    : 2.1.7
   author    : OpenCartPlus

File Name    : catalog/view/theme/*/template/common/header.tpl(0)
VQModObject::applyMod - EMPTY SEARCH CONTENT ERROR

File Name    : catalog/view/theme/*/template/common/header.tpl(0)
VQModObject::applyMod - SEARCH NOT FOUND (SKIPPED): 

----------------------------------------------------------------------


---------- Date: 2014-09-23 19:32:25 ~ IP : ::1 ----------
REQUEST URI : /index.php?route=account/recurring
MOD DETAILS:
   modFile   : /Users/unobab/Desktop/kitchen/vqmod/xml/ocp_currency_dropdown.xml
   id        : Replaces currency blocks with a drop down menu.
   version   : 2
   vqmver    : 2.1.7
   author    : OpenCartPlus

File Name    : catalog/view/theme/*/template/common/header.tpl(0)
VQModObject::applyMod - EMPTY SEARCH CONTENT ERROR

File Name    : catalog/view/theme/*/template/common/header.tpl(0)
VQModObject::applyMod - SEARCH NOT FOUND (SKIPPED): 

----------------------------------------------------------------------


---------- Date: 2014-09-23 19:32:31 ~ IP : ::1 ----------
REQUEST URI : /index.php?route=account/address
MOD DETAILS:
   modFile   : /Users/unobab/Desktop/kitchen/vqmod/xml/ocp_currency_dropdown.xml
   id        : Replaces currency blocks with a drop down menu.
   version   : 2
   vqmver    : 2.1.7
   author    : OpenCartPlus

File Name    : catalog/view/theme/*/template/common/header.tpl(0)
VQModObject::applyMod - EMPTY SEARCH CONTENT ERROR

File Name    : catalog/view/theme/*/template/common/header.tpl(0)
VQModObject::applyMod - SEARCH NOT FOUND (SKIPPED): 

----------------------------------------------------------------------


---------- Date: 2014-09-23 19:32:39 ~ IP : ::1 ----------
REQUEST URI : /index.php?route=account/address
MOD DETAILS:
   modFile   : /Users/unobab/Desktop/kitchen/vqmod/xml/ocp_currency_dropdown.xml
   id        : Replaces currency blocks with a drop down menu.
   version   : 2
   vqmver    : 2.1.7
   author    : OpenCartPlus

File Name    : catalog/view/theme/*/template/common/header.tpl(0)
VQModObject::applyMod - EMPTY SEARCH CONTENT ERROR

File Name    : catalog/view/theme/*/template/common/header.tpl(0)
VQModObject::applyMod - SEARCH NOT FOUND (SKIPPED): 

----------------------------------------------------------------------


---------- Date: 2014-09-23 19:32:40 ~ IP : ::1 ----------
REQUEST URI : /index.php?route=account/password
MOD DETAILS:
   modFile   : /Users/unobab/Desktop/kitchen/vqmod/xml/ocp_currency_dropdown.xml
   id        : Replaces currency blocks with a drop down menu.
   version   : 2
   vqmver    : 2.1.7
   author    : OpenCartPlus

File Name    : catalog/view/theme/*/template/common/header.tpl(0)
VQModObject::applyMod - EMPTY SEARCH CONTENT ERROR

File Name    : catalog/view/theme/*/template/common/header.tpl(0)
VQModObject::applyMod - SEARCH NOT FOUND (SKIPPED): 

----------------------------------------------------------------------


---------- Date: 2014-09-23 19:32:52 ~ IP : ::1 ----------
REQUEST URI : /index.php?route=information/contact
MOD DETAILS:
   modFile   : /Users/unobab/Desktop/kitchen/vqmod/xml/ocp_currency_dropdown.xml
   id        : Replaces currency blocks with a drop down menu.
   version   : 2
   vqmver    : 2.1.7
   author    : OpenCartPlus

File Name    : catalog/view/theme/*/template/common/header.tpl(0)
VQModObject::applyMod - EMPTY SEARCH CONTENT ERROR

File Name    : catalog/view/theme/*/template/common/header.tpl(0)
VQModObject::applyMod - SEARCH NOT FOUND (SKIPPED): 

----------------------------------------------------------------------


---------- Date: 2014-09-23 19:33:40 ~ IP : ::1 ----------
REQUEST URI : /index.php?route=information/contact
MOD DETAILS:
   modFile   : /Users/unobab/Desktop/kitchen/vqmod/xml/ocp_currency_dropdown.xml
   id        : Replaces currency blocks with a drop down menu.
   version   : 2
   vqmver    : 2.1.7
   author    : OpenCartPlus

File Name    : catalog/view/theme/*/template/common/header.tpl(0)
VQModObject::applyMod - EMPTY SEARCH CONTENT ERROR

File Name    : catalog/view/theme/*/template/common/header.tpl(0)
VQModObject::applyMod - SEARCH NOT FOUND (SKIPPED): 

----------------------------------------------------------------------


---------- Date: 2014-09-23 19:34:04 ~ IP : ::1 ----------
REQUEST URI : /index.php?route=information/contact
MOD DETAILS:
   modFile   : /Users/unobab/Desktop/kitchen/vqmod/xml/ocp_currency_dropdown.xml
   id        : Replaces currency blocks with a drop down menu.
   version   : 2
   vqmver    : 2.1.7
   author    : OpenCartPlus

File Name    : catalog/view/theme/*/template/common/header.tpl(0)
VQModObject::applyMod - EMPTY SEARCH CONTENT ERROR

File Name    : catalog/view/theme/*/template/common/header.tpl(0)
VQModObject::applyMod - SEARCH NOT FOUND (SKIPPED): 

----------------------------------------------------------------------


---------- Date: 2014-09-23 19:34:18 ~ IP : ::1 ----------
REQUEST URI : /index.php?route=product/search
MOD DETAILS:
   modFile   : /Users/unobab/Desktop/kitchen/vqmod/xml/ocp_currency_dropdown.xml
   id        : Replaces currency blocks with a drop down menu.
   version   : 2
   vqmver    : 2.1.7
   author    : OpenCartPlus

File Name    : catalog/view/theme/*/template/common/header.tpl(0)
VQModObject::applyMod - EMPTY SEARCH CONTENT ERROR

File Name    : catalog/view/theme/*/template/common/header.tpl(0)
VQModObject::applyMod - SEARCH NOT FOUND (SKIPPED): 

----------------------------------------------------------------------


---------- Date: 2014-09-23 19:35:03 ~ IP : ::1 ----------
REQUEST URI : /index.php?route=product/search
MOD DETAILS:
   modFile   : /Users/unobab/Desktop/kitchen/vqmod/xml/ocp_currency_dropdown.xml
   id        : Replaces currency blocks with a drop down menu.
   version   : 2
   vqmver    : 2.1.7
   author    : OpenCartPlus

File Name    : catalog/view/theme/*/template/common/header.tpl(0)
VQModObject::applyMod - EMPTY SEARCH CONTENT ERROR

File Name    : catalog/view/theme/*/template/common/header.tpl(0)
VQModObject::applyMod - SEARCH NOT FOUND (SKIPPED): 

----------------------------------------------------------------------


---------- Date: 2014-09-23 19:35:53 ~ IP : ::1 ----------
REQUEST URI : /index.php?route=product/search
MOD DETAILS:
   modFile   : /Users/unobab/Desktop/kitchen/vqmod/xml/ocp_currency_dropdown.xml
   id        : Replaces currency blocks with a drop down menu.
   version   : 2
   vqmver    : 2.1.7
   author    : OpenCartPlus

File Name    : catalog/view/theme/*/template/common/header.tpl(0)
VQModObject::applyMod - EMPTY SEARCH CONTENT ERROR

File Name    : catalog/view/theme/*/template/common/header.tpl(0)
VQModObject::applyMod - SEARCH NOT FOUND (SKIPPED): 

----------------------------------------------------------------------


---------- Date: 2014-09-23 19:35:58 ~ IP : ::1 ----------
REQUEST URI : /index.php?route=common/home
MOD DETAILS:
   modFile   : /Users/unobab/Desktop/kitchen/vqmod/xml/ocp_currency_dropdown.xml
   id        : Replaces currency blocks with a drop down menu.
   version   : 2
   vqmver    : 2.1.7
   author    : OpenCartPlus

File Name    : catalog/view/theme/*/template/common/header.tpl(0)
VQModObject::applyMod - EMPTY SEARCH CONTENT ERROR

File Name    : catalog/view/theme/*/template/common/header.tpl(0)
VQModObject::applyMod - SEARCH NOT FOUND (SKIPPED): 

----------------------------------------------------------------------


---------- Date: 2014-09-23 19:36:01 ~ IP : ::1 ----------
REQUEST URI : /
MOD DETAILS:
   modFile   : /Users/unobab/Desktop/kitchen/vqmod/xml/ocp_currency_dropdown.xml
   id        : Replaces currency blocks with a drop down menu.
   version   : 2
   vqmver    : 2.1.7
   author    : OpenCartPlus

File Name    : catalog/view/theme/*/template/common/header.tpl(0)
VQModObject::applyMod - EMPTY SEARCH CONTENT ERROR

File Name    : catalog/view/theme/*/template/common/header.tpl(0)
VQModObject::applyMod - SEARCH NOT FOUND (SKIPPED): 

----------------------------------------------------------------------


---------- Date: 2014-09-23 19:36:05 ~ IP : ::1 ----------
REQUEST URI : /index.php?route=account/account
MOD DETAILS:
   modFile   : /Users/unobab/Desktop/kitchen/vqmod/xml/ocp_currency_dropdown.xml
   id        : Replaces currency blocks with a drop down menu.
   version   : 2
   vqmver    : 2.1.7
   author    : OpenCartPlus

File Name    : catalog/view/theme/*/template/common/header.tpl(0)
VQModObject::applyMod - EMPTY SEARCH CONTENT ERROR

File Name    : catalog/view/theme/*/template/common/header.tpl(0)
VQModObject::applyMod - SEARCH NOT FOUND (SKIPPED): 

----------------------------------------------------------------------


---------- Date: 2014-09-23 19:36:14 ~ IP : ::1 ----------
REQUEST URI : /index.php?route=account/address
MOD DETAILS:
   modFile   : /Users/unobab/Desktop/kitchen/vqmod/xml/ocp_currency_dropdown.xml
   id        : Replaces currency blocks with a drop down menu.
   version   : 2
   vqmver    : 2.1.7
   author    : OpenCartPlus

File Name    : catalog/view/theme/*/template/common/header.tpl(0)
VQModObject::applyMod - EMPTY SEARCH CONTENT ERROR

File Name    : catalog/view/theme/*/template/common/header.tpl(0)
VQModObject::applyMod - SEARCH NOT FOUND (SKIPPED): 

----------------------------------------------------------------------


---------- Date: 2014-09-23 19:37:12 ~ IP : ::1 ----------
REQUEST URI : /index.php?route=account/address/update&amp;address_id=3
MOD DETAILS:
   modFile   : /Users/unobab/Desktop/kitchen/vqmod/xml/ocp_currency_dropdown.xml
   id        : Replaces currency blocks with a drop down menu.
   version   : 2
   vqmver    : 2.1.7
   author    : OpenCartPlus

File Name    : catalog/view/theme/*/template/common/header.tpl(0)
VQModObject::applyMod - EMPTY SEARCH CONTENT ERROR

File Name    : catalog/view/theme/*/template/common/header.tpl(0)
VQModObject::applyMod - SEARCH NOT FOUND (SKIPPED): 

----------------------------------------------------------------------


---------- Date: 2014-09-23 19:37:21 ~ IP : ::1 ----------
REQUEST URI : /index.php?route=account/address
MOD DETAILS:
   modFile   : /Users/unobab/Desktop/kitchen/vqmod/xml/ocp_currency_dropdown.xml
   id        : Replaces currency blocks with a drop down menu.
   version   : 2
   vqmver    : 2.1.7
   author    : OpenCartPlus

File Name    : catalog/view/theme/*/template/common/header.tpl(0)
VQModObject::applyMod - EMPTY SEARCH CONTENT ERROR

File Name    : catalog/view/theme/*/template/common/header.tpl(0)
VQModObject::applyMod - SEARCH NOT FOUND (SKIPPED): 

----------------------------------------------------------------------


---------- Date: 2014-09-23 19:37:26 ~ IP : ::1 ----------
REQUEST URI : /index.php?route=account/newsletter
MOD DETAILS:
   modFile   : /Users/unobab/Desktop/kitchen/vqmod/xml/ocp_currency_dropdown.xml
   id        : Replaces currency blocks with a drop down menu.
   version   : 2
   vqmver    : 2.1.7
   author    : OpenCartPlus

File Name    : catalog/view/theme/*/template/common/header.tpl(0)
VQModObject::applyMod - EMPTY SEARCH CONTENT ERROR

File Name    : catalog/view/theme/*/template/common/header.tpl(0)
VQModObject::applyMod - SEARCH NOT FOUND (SKIPPED): 

----------------------------------------------------------------------


---------- Date: 2014-09-23 19:39:47 ~ IP : ::1 ----------
REQUEST URI : /index.php?route=product/search
MOD DETAILS:
   modFile   : /Users/unobab/Desktop/kitchen/vqmod/xml/ocp_currency_dropdown.xml
   id        : Replaces currency blocks with a drop down menu.
   version   : 2
   vqmver    : 2.1.7
   author    : OpenCartPlus

File Name    : catalog/view/theme/*/template/common/header.tpl(0)
VQModObject::applyMod - EMPTY SEARCH CONTENT ERROR

File Name    : catalog/view/theme/*/template/common/header.tpl(0)
VQModObject::applyMod - SEARCH NOT FOUND (SKIPPED): 

----------------------------------------------------------------------


---------- Date: 2014-09-23 19:39:50 ~ IP : ::1 ----------
REQUEST URI : /index.php?route=account/order
MOD DETAILS:
   modFile   : /Users/unobab/Desktop/kitchen/vqmod/xml/ocp_currency_dropdown.xml
   id        : Replaces currency blocks with a drop down menu.
   version   : 2
   vqmver    : 2.1.7
   author    : OpenCartPlus

File Name    : catalog/view/theme/*/template/common/header.tpl(0)
VQModObject::applyMod - EMPTY SEARCH CONTENT ERROR

File Name    : catalog/view/theme/*/template/common/header.tpl(0)
VQModObject::applyMod - SEARCH NOT FOUND (SKIPPED): 

----------------------------------------------------------------------


---------- Date: 2014-09-23 19:40:00 ~ IP : ::1 ----------
REQUEST URI : /index.php?route=common/home
MOD DETAILS:
   modFile   : /Users/unobab/Desktop/kitchen/vqmod/xml/ocp_currency_dropdown.xml
   id        : Replaces currency blocks with a drop down menu.
   version   : 2
   vqmver    : 2.1.7
   author    : OpenCartPlus

File Name    : catalog/view/theme/*/template/common/header.tpl(0)
VQModObject::applyMod - EMPTY SEARCH CONTENT ERROR

File Name    : catalog/view/theme/*/template/common/header.tpl(0)
VQModObject::applyMod - SEARCH NOT FOUND (SKIPPED): 

----------------------------------------------------------------------


---------- Date: 2014-09-23 19:40:03 ~ IP : ::1 ----------
REQUEST URI : /index.php?route=product/product&amp;product_id=55
MOD DETAILS:
   modFile   : /Users/unobab/Desktop/kitchen/vqmod/xml/ocp_currency_dropdown.xml
   id        : Replaces currency blocks with a drop down menu.
   version   : 2
   vqmver    : 2.1.7
   author    : OpenCartPlus

File Name    : catalog/view/theme/*/template/common/header.tpl(0)
VQModObject::applyMod - EMPTY SEARCH CONTENT ERROR

File Name    : catalog/view/theme/*/template/common/header.tpl(0)
VQModObject::applyMod - SEARCH NOT FOUND (SKIPPED): 

----------------------------------------------------------------------


---------- Date: 2014-09-23 19:40:55 ~ IP : ::1 ----------
REQUEST URI : /index.php?route=product/product&amp;product_id=55
MOD DETAILS:
   modFile   : /Users/unobab/Desktop/kitchen/vqmod/xml/ocp_currency_dropdown.xml
   id        : Replaces currency blocks with a drop down menu.
   version   : 2
   vqmver    : 2.1.7
   author    : OpenCartPlus

File Name    : catalog/view/theme/*/template/common/header.tpl(0)
VQModObject::applyMod - EMPTY SEARCH CONTENT ERROR

File Name    : catalog/view/theme/*/template/common/header.tpl(0)
VQModObject::applyMod - SEARCH NOT FOUND (SKIPPED): 

----------------------------------------------------------------------


---------- Date: 2014-09-23 19:40:57 ~ IP : ::1 ----------
REQUEST URI : /
MOD DETAILS:
   modFile   : /Users/unobab/Desktop/kitchen/vqmod/xml/ocp_currency_dropdown.xml
   id        : Replaces currency blocks with a drop down menu.
   version   : 2
   vqmver    : 2.1.7
   author    : OpenCartPlus

File Name    : catalog/view/theme/*/template/common/header.tpl(0)
VQModObject::applyMod - EMPTY SEARCH CONTENT ERROR

File Name    : catalog/view/theme/*/template/common/header.tpl(0)
VQModObject::applyMod - SEARCH NOT FOUND (SKIPPED): 

----------------------------------------------------------------------


