---------- Date: 2014-09-24 06:49:12 ~ IP : ::1 ----------
REQUEST URI : /
MOD DETAILS:
   modFile   : /Users/unobab/Desktop/kitchen/vqmod/xml/ocp_currency_dropdown.xml
   id        : Replaces currency blocks with a drop down menu.
   version   : 2
   vqmver    : 2.1.7
   author    : OpenCartPlus

File Name    : catalog/view/theme/*/template/common/header.tpl(0)
VQModObject::applyMod - EMPTY SEARCH CONTENT ERROR

File Name    : catalog/view/theme/*/template/common/header.tpl(0)
VQModObject::applyMod - SEARCH NOT FOUND (SKIPPED): 

----------------------------------------------------------------------


---------- Date: 2014-09-24 06:49:20 ~ IP : ::1 ----------
REQUEST URI : /index.php?route=product/product&amp;product_id=55
MOD DETAILS:
   modFile   : /Users/unobab/Desktop/kitchen/vqmod/xml/ocp_currency_dropdown.xml
   id        : Replaces currency blocks with a drop down menu.
   version   : 2
   vqmver    : 2.1.7
   author    : OpenCartPlus

File Name    : catalog/view/theme/*/template/common/header.tpl(0)
VQModObject::applyMod - EMPTY SEARCH CONTENT ERROR

File Name    : catalog/view/theme/*/template/common/header.tpl(0)
VQModObject::applyMod - SEARCH NOT FOUND (SKIPPED): 

----------------------------------------------------------------------


---------- Date: 2014-09-24 06:50:02 ~ IP : ::1 ----------
REQUEST URI : /index.php?route=account/account
MOD DETAILS:
   modFile   : /Users/unobab/Desktop/kitchen/vqmod/xml/ocp_currency_dropdown.xml
   id        : Replaces currency blocks with a drop down menu.
   version   : 2
   vqmver    : 2.1.7
   author    : OpenCartPlus

File Name    : catalog/view/theme/*/template/common/header.tpl(0)
VQModObject::applyMod - EMPTY SEARCH CONTENT ERROR

File Name    : catalog/view/theme/*/template/common/header.tpl(0)
VQModObject::applyMod - SEARCH NOT FOUND (SKIPPED): 

----------------------------------------------------------------------


---------- Date: 2014-09-24 06:50:05 ~ IP : ::1 ----------
REQUEST URI : /index.php?route=account/address
MOD DETAILS:
   modFile   : /Users/unobab/Desktop/kitchen/vqmod/xml/ocp_currency_dropdown.xml
   id        : Replaces currency blocks with a drop down menu.
   version   : 2
   vqmver    : 2.1.7
   author    : OpenCartPlus

File Name    : catalog/view/theme/*/template/common/header.tpl(0)
VQModObject::applyMod - EMPTY SEARCH CONTENT ERROR

File Name    : catalog/view/theme/*/template/common/header.tpl(0)
VQModObject::applyMod - SEARCH NOT FOUND (SKIPPED): 

----------------------------------------------------------------------


---------- Date: 2014-09-24 06:50:22 ~ IP : ::1 ----------
REQUEST URI : /index.php?route=account/password
MOD DETAILS:
   modFile   : /Users/unobab/Desktop/kitchen/vqmod/xml/ocp_currency_dropdown.xml
   id        : Replaces currency blocks with a drop down menu.
   version   : 2
   vqmver    : 2.1.7
   author    : OpenCartPlus

File Name    : catalog/view/theme/*/template/common/header.tpl(0)
VQModObject::applyMod - EMPTY SEARCH CONTENT ERROR

File Name    : catalog/view/theme/*/template/common/header.tpl(0)
VQModObject::applyMod - SEARCH NOT FOUND (SKIPPED): 

----------------------------------------------------------------------


---------- Date: 2014-09-24 06:50:24 ~ IP : ::1 ----------
REQUEST URI : /index.php?route=account/address
MOD DETAILS:
   modFile   : /Users/unobab/Desktop/kitchen/vqmod/xml/ocp_currency_dropdown.xml
   id        : Replaces currency blocks with a drop down menu.
   version   : 2
   vqmver    : 2.1.7
   author    : OpenCartPlus

File Name    : catalog/view/theme/*/template/common/header.tpl(0)
VQModObject::applyMod - EMPTY SEARCH CONTENT ERROR

File Name    : catalog/view/theme/*/template/common/header.tpl(0)
VQModObject::applyMod - SEARCH NOT FOUND (SKIPPED): 

----------------------------------------------------------------------


---------- Date: 2014-09-24 06:50:26 ~ IP : ::1 ----------
REQUEST URI : /index.php?route=account/address
MOD DETAILS:
   modFile   : /Users/unobab/Desktop/kitchen/vqmod/xml/ocp_currency_dropdown.xml
   id        : Replaces currency blocks with a drop down menu.
   version   : 2
   vqmver    : 2.1.7
   author    : OpenCartPlus

File Name    : catalog/view/theme/*/template/common/header.tpl(0)
VQModObject::applyMod - EMPTY SEARCH CONTENT ERROR

File Name    : catalog/view/theme/*/template/common/header.tpl(0)
VQModObject::applyMod - SEARCH NOT FOUND (SKIPPED): 

----------------------------------------------------------------------


---------- Date: 2014-09-24 06:50:28 ~ IP : ::1 ----------
REQUEST URI : /index.php?route=account/wishlist
MOD DETAILS:
   modFile   : /Users/unobab/Desktop/kitchen/vqmod/xml/ocp_currency_dropdown.xml
   id        : Replaces currency blocks with a drop down menu.
   version   : 2
   vqmver    : 2.1.7
   author    : OpenCartPlus

File Name    : catalog/view/theme/*/template/common/header.tpl(0)
VQModObject::applyMod - EMPTY SEARCH CONTENT ERROR

File Name    : catalog/view/theme/*/template/common/header.tpl(0)
VQModObject::applyMod - SEARCH NOT FOUND (SKIPPED): 

----------------------------------------------------------------------


---------- Date: 2014-09-24 06:50:34 ~ IP : ::1 ----------
REQUEST URI : /index.php?route=account/address
MOD DETAILS:
   modFile   : /Users/unobab/Desktop/kitchen/vqmod/xml/ocp_currency_dropdown.xml
   id        : Replaces currency blocks with a drop down menu.
   version   : 2
   vqmver    : 2.1.7
   author    : OpenCartPlus

File Name    : catalog/view/theme/*/template/common/header.tpl(0)
VQModObject::applyMod - EMPTY SEARCH CONTENT ERROR

File Name    : catalog/view/theme/*/template/common/header.tpl(0)
VQModObject::applyMod - SEARCH NOT FOUND (SKIPPED): 

----------------------------------------------------------------------


---------- Date: 2014-09-24 06:50:37 ~ IP : ::1 ----------
REQUEST URI : /index.php?route=account/order
MOD DETAILS:
   modFile   : /Users/unobab/Desktop/kitchen/vqmod/xml/ocp_currency_dropdown.xml
   id        : Replaces currency blocks with a drop down menu.
   version   : 2
   vqmver    : 2.1.7
   author    : OpenCartPlus

File Name    : catalog/view/theme/*/template/common/header.tpl(0)
VQModObject::applyMod - EMPTY SEARCH CONTENT ERROR

File Name    : catalog/view/theme/*/template/common/header.tpl(0)
VQModObject::applyMod - SEARCH NOT FOUND (SKIPPED): 

----------------------------------------------------------------------


---------- Date: 2014-09-24 06:50:39 ~ IP : ::1 ----------
REQUEST URI : /index.php?route=account/download
MOD DETAILS:
   modFile   : /Users/unobab/Desktop/kitchen/vqmod/xml/ocp_currency_dropdown.xml
   id        : Replaces currency blocks with a drop down menu.
   version   : 2
   vqmver    : 2.1.7
   author    : OpenCartPlus

File Name    : catalog/view/theme/*/template/common/header.tpl(0)
VQModObject::applyMod - EMPTY SEARCH CONTENT ERROR

File Name    : catalog/view/theme/*/template/common/header.tpl(0)
VQModObject::applyMod - SEARCH NOT FOUND (SKIPPED): 

----------------------------------------------------------------------


---------- Date: 2014-09-24 06:50:58 ~ IP : ::1 ----------
REQUEST URI : /index.php?route=account/transaction
MOD DETAILS:
   modFile   : /Users/unobab/Desktop/kitchen/vqmod/xml/ocp_currency_dropdown.xml
   id        : Replaces currency blocks with a drop down menu.
   version   : 2
   vqmver    : 2.1.7
   author    : OpenCartPlus

File Name    : catalog/view/theme/*/template/common/header.tpl(0)
VQModObject::applyMod - EMPTY SEARCH CONTENT ERROR

File Name    : catalog/view/theme/*/template/common/header.tpl(0)
VQModObject::applyMod - SEARCH NOT FOUND (SKIPPED): 

----------------------------------------------------------------------


---------- Date: 2014-09-24 06:53:14 ~ IP : ::1 ----------
REQUEST URI : /index.php?route=common/home
MOD DETAILS:
   modFile   : /Users/unobab/Desktop/kitchen/vqmod/xml/ocp_currency_dropdown.xml
   id        : Replaces currency blocks with a drop down menu.
   version   : 2
   vqmver    : 2.1.7
   author    : OpenCartPlus

File Name    : catalog/view/theme/*/template/common/header.tpl(0)
VQModObject::applyMod - EMPTY SEARCH CONTENT ERROR

File Name    : catalog/view/theme/*/template/common/header.tpl(0)
VQModObject::applyMod - SEARCH NOT FOUND (SKIPPED): 

----------------------------------------------------------------------


---------- Date: 2014-09-24 06:53:19 ~ IP : ::1 ----------
REQUEST URI : /index.php?route=product/category&amp;path=60_62
MOD DETAILS:
   modFile   : /Users/unobab/Desktop/kitchen/vqmod/xml/ocp_currency_dropdown.xml
   id        : Replaces currency blocks with a drop down menu.
   version   : 2
   vqmver    : 2.1.7
   author    : OpenCartPlus

File Name    : catalog/view/theme/*/template/common/header.tpl(0)
VQModObject::applyMod - EMPTY SEARCH CONTENT ERROR

File Name    : catalog/view/theme/*/template/common/header.tpl(0)
VQModObject::applyMod - SEARCH NOT FOUND (SKIPPED): 

----------------------------------------------------------------------


---------- Date: 2014-09-24 06:53:43 ~ IP : ::1 ----------
REQUEST URI : /index.php?route=account/wishlist
MOD DETAILS:
   modFile   : /Users/unobab/Desktop/kitchen/vqmod/xml/ocp_currency_dropdown.xml
   id        : Replaces currency blocks with a drop down menu.
   version   : 2
   vqmver    : 2.1.7
   author    : OpenCartPlus

File Name    : catalog/view/theme/*/template/common/header.tpl(0)
VQModObject::applyMod - EMPTY SEARCH CONTENT ERROR

File Name    : catalog/view/theme/*/template/common/header.tpl(0)
VQModObject::applyMod - SEARCH NOT FOUND (SKIPPED): 

----------------------------------------------------------------------


---------- Date: 2014-09-24 06:53:59 ~ IP : ::1 ----------
REQUEST URI : /index.php?route=account/account
MOD DETAILS:
   modFile   : /Users/unobab/Desktop/kitchen/vqmod/xml/ocp_currency_dropdown.xml
   id        : Replaces currency blocks with a drop down menu.
   version   : 2
   vqmver    : 2.1.7
   author    : OpenCartPlus

File Name    : catalog/view/theme/*/template/common/header.tpl(0)
VQModObject::applyMod - EMPTY SEARCH CONTENT ERROR

File Name    : catalog/view/theme/*/template/common/header.tpl(0)
VQModObject::applyMod - SEARCH NOT FOUND (SKIPPED): 

----------------------------------------------------------------------


---------- Date: 2014-09-24 06:54:01 ~ IP : ::1 ----------
REQUEST URI : /index.php?route=account/wishlist
MOD DETAILS:
   modFile   : /Users/unobab/Desktop/kitchen/vqmod/xml/ocp_currency_dropdown.xml
   id        : Replaces currency blocks with a drop down menu.
   version   : 2
   vqmver    : 2.1.7
   author    : OpenCartPlus

File Name    : catalog/view/theme/*/template/common/header.tpl(0)
VQModObject::applyMod - EMPTY SEARCH CONTENT ERROR

File Name    : catalog/view/theme/*/template/common/header.tpl(0)
VQModObject::applyMod - SEARCH NOT FOUND (SKIPPED): 

----------------------------------------------------------------------


---------- Date: 2014-09-24 06:54:07 ~ IP : ::1 ----------
REQUEST URI : /index.php?route=product/product&amp;product_id=56
MOD DETAILS:
   modFile   : /Users/unobab/Desktop/kitchen/vqmod/xml/ocp_currency_dropdown.xml
   id        : Replaces currency blocks with a drop down menu.
   version   : 2
   vqmver    : 2.1.7
   author    : OpenCartPlus

File Name    : catalog/view/theme/*/template/common/header.tpl(0)
VQModObject::applyMod - EMPTY SEARCH CONTENT ERROR

File Name    : catalog/view/theme/*/template/common/header.tpl(0)
VQModObject::applyMod - SEARCH NOT FOUND (SKIPPED): 

----------------------------------------------------------------------


---------- Date: 2014-09-24 06:54:11 ~ IP : ::1 ----------
REQUEST URI : /index.php?route=account/wishlist
MOD DETAILS:
   modFile   : /Users/unobab/Desktop/kitchen/vqmod/xml/ocp_currency_dropdown.xml
   id        : Replaces currency blocks with a drop down menu.
   version   : 2
   vqmver    : 2.1.7
   author    : OpenCartPlus

File Name    : catalog/view/theme/*/template/common/header.tpl(0)
VQModObject::applyMod - EMPTY SEARCH CONTENT ERROR

File Name    : catalog/view/theme/*/template/common/header.tpl(0)
VQModObject::applyMod - SEARCH NOT FOUND (SKIPPED): 

----------------------------------------------------------------------


---------- Date: 2014-09-24 06:54:13 ~ IP : ::1 ----------
REQUEST URI : /index.php?route=product/product&amp;product_id=55
MOD DETAILS:
   modFile   : /Users/unobab/Desktop/kitchen/vqmod/xml/ocp_currency_dropdown.xml
   id        : Replaces currency blocks with a drop down menu.
   version   : 2
   vqmver    : 2.1.7
   author    : OpenCartPlus

File Name    : catalog/view/theme/*/template/common/header.tpl(0)
VQModObject::applyMod - EMPTY SEARCH CONTENT ERROR

File Name    : catalog/view/theme/*/template/common/header.tpl(0)
VQModObject::applyMod - SEARCH NOT FOUND (SKIPPED): 

----------------------------------------------------------------------


---------- Date: 2014-09-24 06:54:15 ~ IP : ::1 ----------
REQUEST URI : /index.php?route=account/wishlist
MOD DETAILS:
   modFile   : /Users/unobab/Desktop/kitchen/vqmod/xml/ocp_currency_dropdown.xml
   id        : Replaces currency blocks with a drop down menu.
   version   : 2
   vqmver    : 2.1.7
   author    : OpenCartPlus

File Name    : catalog/view/theme/*/template/common/header.tpl(0)
VQModObject::applyMod - EMPTY SEARCH CONTENT ERROR

File Name    : catalog/view/theme/*/template/common/header.tpl(0)
VQModObject::applyMod - SEARCH NOT FOUND (SKIPPED): 

----------------------------------------------------------------------


---------- Date: 2014-09-24 06:54:37 ~ IP : ::1 ----------
REQUEST URI : /index.php?route=checkout/cart
MOD DETAILS:
   modFile   : /Users/unobab/Desktop/kitchen/vqmod/xml/ocp_currency_dropdown.xml
   id        : Replaces currency blocks with a drop down menu.
   version   : 2
   vqmver    : 2.1.7
   author    : OpenCartPlus

File Name    : catalog/view/theme/*/template/common/header.tpl(0)
VQModObject::applyMod - EMPTY SEARCH CONTENT ERROR

File Name    : catalog/view/theme/*/template/common/header.tpl(0)
VQModObject::applyMod - SEARCH NOT FOUND (SKIPPED): 

----------------------------------------------------------------------


---------- Date: 2014-09-24 07:50:30 ~ IP : ::1 ----------
REQUEST URI : /index.php?route=checkout/cart
MOD DETAILS:
   modFile   : /Users/unobab/Desktop/kitchen/vqmod/xml/ocp_currency_dropdown.xml
   id        : Replaces currency blocks with a drop down menu.
   version   : 2
   vqmver    : 2.1.7
   author    : OpenCartPlus

File Name    : catalog/view/theme/*/template/common/header.tpl(0)
VQModObject::applyMod - EMPTY SEARCH CONTENT ERROR

File Name    : catalog/view/theme/*/template/common/header.tpl(0)
VQModObject::applyMod - SEARCH NOT FOUND (SKIPPED): 

----------------------------------------------------------------------


---------- Date: 2014-09-24 07:50:51 ~ IP : ::1 ----------
REQUEST URI : /index.php?route=checkout/cart
MOD DETAILS:
   modFile   : /Users/unobab/Desktop/kitchen/vqmod/xml/ocp_currency_dropdown.xml
   id        : Replaces currency blocks with a drop down menu.
   version   : 2
   vqmver    : 2.1.7
   author    : OpenCartPlus

File Name    : catalog/view/theme/*/template/common/header.tpl(0)
VQModObject::applyMod - EMPTY SEARCH CONTENT ERROR

File Name    : catalog/view/theme/*/template/common/header.tpl(0)
VQModObject::applyMod - SEARCH NOT FOUND (SKIPPED): 

----------------------------------------------------------------------


---------- Date: 2014-09-24 08:04:07 ~ IP : ::1 ----------
REQUEST URI : /
MOD DETAILS:
   modFile   : /Users/unobab/Desktop/kitchen/vqmod/xml/ocp_currency_dropdown.xml
   id        : Replaces currency blocks with a drop down menu.
   version   : 2
   vqmver    : 2.1.7
   author    : OpenCartPlus

File Name    : catalog/view/theme/*/template/common/header.tpl(0)
VQModObject::applyMod - EMPTY SEARCH CONTENT ERROR

File Name    : catalog/view/theme/*/template/common/header.tpl(0)
VQModObject::applyMod - SEARCH NOT FOUND (SKIPPED): 

----------------------------------------------------------------------


---------- Date: 2014-09-24 08:04:37 ~ IP : ::1 ----------
REQUEST URI : /
MOD DETAILS:
   modFile   : /Users/unobab/Desktop/kitchen/vqmod/xml/ocp_currency_dropdown.xml
   id        : Replaces currency blocks with a drop down menu.
   version   : 2
   vqmver    : 2.1.7
   author    : OpenCartPlus

File Name    : catalog/view/theme/*/template/common/header.tpl(0)
VQModObject::applyMod - EMPTY SEARCH CONTENT ERROR

File Name    : catalog/view/theme/*/template/common/header.tpl(0)
VQModObject::applyMod - SEARCH NOT FOUND (SKIPPED): 

----------------------------------------------------------------------


---------- Date: 2014-09-24 08:04:42 ~ IP : ::1 ----------
REQUEST URI : /index.php?route=checkout/checkout
MOD DETAILS:
   modFile   : /Users/unobab/Desktop/kitchen/vqmod/xml/ocp_currency_dropdown.xml
   id        : Replaces currency blocks with a drop down menu.
   version   : 2
   vqmver    : 2.1.7
   author    : OpenCartPlus

File Name    : catalog/view/theme/*/template/common/header.tpl(0)
VQModObject::applyMod - EMPTY SEARCH CONTENT ERROR

File Name    : catalog/view/theme/*/template/common/header.tpl(0)
VQModObject::applyMod - SEARCH NOT FOUND (SKIPPED): 

----------------------------------------------------------------------


---------- Date: 2014-09-24 08:05:10 ~ IP : ::1 ----------
REQUEST URI : /index.php?route=checkout/success
MOD DETAILS:
   modFile   : /Users/unobab/Desktop/kitchen/vqmod/xml/ocp_currency_dropdown.xml
   id        : Replaces currency blocks with a drop down menu.
   version   : 2
   vqmver    : 2.1.7
   author    : OpenCartPlus

File Name    : catalog/view/theme/*/template/common/header.tpl(0)
VQModObject::applyMod - EMPTY SEARCH CONTENT ERROR

File Name    : catalog/view/theme/*/template/common/header.tpl(0)
VQModObject::applyMod - SEARCH NOT FOUND (SKIPPED): 

----------------------------------------------------------------------


---------- Date: 2014-09-24 16:32:28 ~ IP : ::1 ----------
REQUEST URI : /
MOD DETAILS:
   modFile   : /Users/unobab/Desktop/kitchen/vqmod/xml/ocp_currency_dropdown.xml
   id        : Replaces currency blocks with a drop down menu.
   version   : 2
   vqmver    : 2.1.7
   author    : OpenCartPlus

File Name    : catalog/view/theme/*/template/common/header.tpl(0)
VQModObject::applyMod - EMPTY SEARCH CONTENT ERROR

File Name    : catalog/view/theme/*/template/common/header.tpl(0)
VQModObject::applyMod - SEARCH NOT FOUND (SKIPPED): 

----------------------------------------------------------------------


---------- Date: 2014-09-24 17:06:47 ~ IP : ::1 ----------
REQUEST URI : /
MOD DETAILS:
   modFile   : /Users/unobab/Desktop/kitchen/vqmod/xml/ocp_currency_dropdown.xml
   id        : Replaces currency blocks with a drop down menu.
   version   : 2
   vqmver    : 2.1.7
   author    : OpenCartPlus

File Name    : catalog/view/theme/*/template/common/header.tpl(0)
VQModObject::applyMod - EMPTY SEARCH CONTENT ERROR

File Name    : catalog/view/theme/*/template/common/header.tpl(0)
VQModObject::applyMod - SEARCH NOT FOUND (SKIPPED): 

----------------------------------------------------------------------


---------- Date: 2014-09-24 17:09:46 ~ IP : ::1 ----------
REQUEST URI : /
MOD DETAILS:
   modFile   : /Users/unobab/Desktop/kitchen/vqmod/xml/ocp_currency_dropdown.xml
   id        : Replaces currency blocks with a drop down menu.
   version   : 2
   vqmver    : 2.1.7
   author    : OpenCartPlus

File Name    : catalog/view/theme/*/template/common/header.tpl(0)
VQModObject::applyMod - EMPTY SEARCH CONTENT ERROR

File Name    : catalog/view/theme/*/template/common/header.tpl(0)
VQModObject::applyMod - SEARCH NOT FOUND (SKIPPED): 

----------------------------------------------------------------------


---------- Date: 2014-09-24 17:12:48 ~ IP : ::1 ----------
REQUEST URI : /
MOD DETAILS:
   modFile   : /Users/unobab/Desktop/kitchen/vqmod/xml/ocp_currency_dropdown.xml
   id        : Replaces currency blocks with a drop down menu.
   version   : 2
   vqmver    : 2.1.7
   author    : OpenCartPlus

File Name    : catalog/view/theme/*/template/common/header.tpl(0)
VQModObject::applyMod - EMPTY SEARCH CONTENT ERROR

File Name    : catalog/view/theme/*/template/common/header.tpl(0)
VQModObject::applyMod - SEARCH NOT FOUND (SKIPPED): 

----------------------------------------------------------------------


---------- Date: 2014-09-24 17:14:28 ~ IP : ::1 ----------
REQUEST URI : /
MOD DETAILS:
   modFile   : /Users/unobab/Desktop/kitchen/vqmod/xml/ocp_currency_dropdown.xml
   id        : Replaces currency blocks with a drop down menu.
   version   : 2
   vqmver    : 2.1.7
   author    : OpenCartPlus

File Name    : catalog/view/theme/*/template/common/header.tpl(0)
VQModObject::applyMod - EMPTY SEARCH CONTENT ERROR

File Name    : catalog/view/theme/*/template/common/header.tpl(0)
VQModObject::applyMod - SEARCH NOT FOUND (SKIPPED): 

----------------------------------------------------------------------


---------- Date: 2014-09-24 17:19:18 ~ IP : ::1 ----------
REQUEST URI : /
MOD DETAILS:
   modFile   : /Users/unobab/Desktop/kitchen/vqmod/xml/ocp_currency_dropdown.xml
   id        : Replaces currency blocks with a drop down menu.
   version   : 2
   vqmver    : 2.1.7
   author    : OpenCartPlus

File Name    : catalog/view/theme/*/template/common/header.tpl(0)
VQModObject::applyMod - EMPTY SEARCH CONTENT ERROR

File Name    : catalog/view/theme/*/template/common/header.tpl(0)
VQModObject::applyMod - SEARCH NOT FOUND (SKIPPED): 

----------------------------------------------------------------------


---------- Date: 2014-09-24 17:20:17 ~ IP : ::1 ----------
REQUEST URI : /
MOD DETAILS:
   modFile   : /Users/unobab/Desktop/kitchen/vqmod/xml/ocp_currency_dropdown.xml
   id        : Replaces currency blocks with a drop down menu.
   version   : 2
   vqmver    : 2.1.7
   author    : OpenCartPlus

File Name    : catalog/view/theme/*/template/common/header.tpl(0)
VQModObject::applyMod - EMPTY SEARCH CONTENT ERROR

File Name    : catalog/view/theme/*/template/common/header.tpl(0)
VQModObject::applyMod - SEARCH NOT FOUND (SKIPPED): 

----------------------------------------------------------------------


---------- Date: 2014-09-24 17:20:25 ~ IP : ::1 ----------
REQUEST URI : /
MOD DETAILS:
   modFile   : /Users/unobab/Desktop/kitchen/vqmod/xml/ocp_currency_dropdown.xml
   id        : Replaces currency blocks with a drop down menu.
   version   : 2
   vqmver    : 2.1.7
   author    : OpenCartPlus

File Name    : catalog/view/theme/*/template/common/header.tpl(0)
VQModObject::applyMod - EMPTY SEARCH CONTENT ERROR

File Name    : catalog/view/theme/*/template/common/header.tpl(0)
VQModObject::applyMod - SEARCH NOT FOUND (SKIPPED): 

----------------------------------------------------------------------


---------- Date: 2014-09-24 17:21:02 ~ IP : ::1 ----------
REQUEST URI : /
MOD DETAILS:
   modFile   : /Users/unobab/Desktop/kitchen/vqmod/xml/ocp_currency_dropdown.xml
   id        : Replaces currency blocks with a drop down menu.
   version   : 2
   vqmver    : 2.1.7
   author    : OpenCartPlus

File Name    : catalog/view/theme/*/template/common/header.tpl(0)
VQModObject::applyMod - EMPTY SEARCH CONTENT ERROR

File Name    : catalog/view/theme/*/template/common/header.tpl(0)
VQModObject::applyMod - SEARCH NOT FOUND (SKIPPED): 

----------------------------------------------------------------------


---------- Date: 2014-09-24 17:21:33 ~ IP : ::1 ----------
REQUEST URI : /
MOD DETAILS:
   modFile   : /Users/unobab/Desktop/kitchen/vqmod/xml/ocp_currency_dropdown.xml
   id        : Replaces currency blocks with a drop down menu.
   version   : 2
   vqmver    : 2.1.7
   author    : OpenCartPlus

File Name    : catalog/view/theme/*/template/common/header.tpl(0)
VQModObject::applyMod - EMPTY SEARCH CONTENT ERROR

File Name    : catalog/view/theme/*/template/common/header.tpl(0)
VQModObject::applyMod - SEARCH NOT FOUND (SKIPPED): 

----------------------------------------------------------------------


---------- Date: 2014-09-24 17:22:06 ~ IP : ::1 ----------
REQUEST URI : /index.php?route=common/home
MOD DETAILS:
   modFile   : /Users/unobab/Desktop/kitchen/vqmod/xml/ocp_currency_dropdown.xml
   id        : Replaces currency blocks with a drop down menu.
   version   : 2
   vqmver    : 2.1.7
   author    : OpenCartPlus

File Name    : catalog/view/theme/*/template/common/header.tpl(0)
VQModObject::applyMod - EMPTY SEARCH CONTENT ERROR

File Name    : catalog/view/theme/*/template/common/header.tpl(0)
VQModObject::applyMod - SEARCH NOT FOUND (SKIPPED): 

----------------------------------------------------------------------


---------- Date: 2014-09-24 17:22:09 ~ IP : ::1 ----------
REQUEST URI : /index.php?route=account/login
MOD DETAILS:
   modFile   : /Users/unobab/Desktop/kitchen/vqmod/xml/ocp_currency_dropdown.xml
   id        : Replaces currency blocks with a drop down menu.
   version   : 2
   vqmver    : 2.1.7
   author    : OpenCartPlus

File Name    : catalog/view/theme/*/template/common/header.tpl(0)
VQModObject::applyMod - EMPTY SEARCH CONTENT ERROR

File Name    : catalog/view/theme/*/template/common/header.tpl(0)
VQModObject::applyMod - SEARCH NOT FOUND (SKIPPED): 

----------------------------------------------------------------------


---------- Date: 2014-09-24 17:22:16 ~ IP : ::1 ----------
REQUEST URI : /index.php?route=account/login
MOD DETAILS:
   modFile   : /Users/unobab/Desktop/kitchen/vqmod/xml/ocp_currency_dropdown.xml
   id        : Replaces currency blocks with a drop down menu.
   version   : 2
   vqmver    : 2.1.7
   author    : OpenCartPlus

File Name    : catalog/view/theme/*/template/common/header.tpl(0)
VQModObject::applyMod - EMPTY SEARCH CONTENT ERROR

File Name    : catalog/view/theme/*/template/common/header.tpl(0)
VQModObject::applyMod - SEARCH NOT FOUND (SKIPPED): 

----------------------------------------------------------------------


---------- Date: 2014-09-24 17:22:31 ~ IP : ::1 ----------
REQUEST URI : /index.php?route=common/home
MOD DETAILS:
   modFile   : /Users/unobab/Desktop/kitchen/vqmod/xml/ocp_currency_dropdown.xml
   id        : Replaces currency blocks with a drop down menu.
   version   : 2
   vqmver    : 2.1.7
   author    : OpenCartPlus

File Name    : catalog/view/theme/*/template/common/header.tpl(0)
VQModObject::applyMod - EMPTY SEARCH CONTENT ERROR

File Name    : catalog/view/theme/*/template/common/header.tpl(0)
VQModObject::applyMod - SEARCH NOT FOUND (SKIPPED): 

----------------------------------------------------------------------


---------- Date: 2014-09-24 17:22:42 ~ IP : ::1 ----------
REQUEST URI : /index.php?route=product/product&amp;product_id=55
MOD DETAILS:
   modFile   : /Users/unobab/Desktop/kitchen/vqmod/xml/ocp_currency_dropdown.xml
   id        : Replaces currency blocks with a drop down menu.
   version   : 2
   vqmver    : 2.1.7
   author    : OpenCartPlus

File Name    : catalog/view/theme/*/template/common/header.tpl(0)
VQModObject::applyMod - EMPTY SEARCH CONTENT ERROR

File Name    : catalog/view/theme/*/template/common/header.tpl(0)
VQModObject::applyMod - SEARCH NOT FOUND (SKIPPED): 

----------------------------------------------------------------------


---------- Date: 2014-09-24 17:22:59 ~ IP : ::1 ----------
REQUEST URI : /index.php?route=checkout/cart
MOD DETAILS:
   modFile   : /Users/unobab/Desktop/kitchen/vqmod/xml/ocp_currency_dropdown.xml
   id        : Replaces currency blocks with a drop down menu.
   version   : 2
   vqmver    : 2.1.7
   author    : OpenCartPlus

File Name    : catalog/view/theme/*/template/common/header.tpl(0)
VQModObject::applyMod - EMPTY SEARCH CONTENT ERROR

File Name    : catalog/view/theme/*/template/common/header.tpl(0)
VQModObject::applyMod - SEARCH NOT FOUND (SKIPPED): 

----------------------------------------------------------------------


---------- Date: 2014-09-24 17:23:31 ~ IP : ::1 ----------
REQUEST URI : /index.php?route=checkout/cart
MOD DETAILS:
   modFile   : /Users/unobab/Desktop/kitchen/vqmod/xml/ocp_currency_dropdown.xml
   id        : Replaces currency blocks with a drop down menu.
   version   : 2
   vqmver    : 2.1.7
   author    : OpenCartPlus

File Name    : catalog/view/theme/*/template/common/header.tpl(0)
VQModObject::applyMod - EMPTY SEARCH CONTENT ERROR

File Name    : catalog/view/theme/*/template/common/header.tpl(0)
VQModObject::applyMod - SEARCH NOT FOUND (SKIPPED): 

----------------------------------------------------------------------


---------- Date: 2014-09-24 17:23:50 ~ IP : ::1 ----------
REQUEST URI : /index.php?route=checkout/cart
MOD DETAILS:
   modFile   : /Users/unobab/Desktop/kitchen/vqmod/xml/ocp_currency_dropdown.xml
   id        : Replaces currency blocks with a drop down menu.
   version   : 2
   vqmver    : 2.1.7
   author    : OpenCartPlus

File Name    : catalog/view/theme/*/template/common/header.tpl(0)
VQModObject::applyMod - EMPTY SEARCH CONTENT ERROR

File Name    : catalog/view/theme/*/template/common/header.tpl(0)
VQModObject::applyMod - SEARCH NOT FOUND (SKIPPED): 

----------------------------------------------------------------------


---------- Date: 2014-09-24 17:24:09 ~ IP : ::1 ----------
REQUEST URI : /index.php?route=checkout/cart
MOD DETAILS:
   modFile   : /Users/unobab/Desktop/kitchen/vqmod/xml/ocp_currency_dropdown.xml
   id        : Replaces currency blocks with a drop down menu.
   version   : 2
   vqmver    : 2.1.7
   author    : OpenCartPlus

File Name    : catalog/view/theme/*/template/common/header.tpl(0)
VQModObject::applyMod - EMPTY SEARCH CONTENT ERROR

File Name    : catalog/view/theme/*/template/common/header.tpl(0)
VQModObject::applyMod - SEARCH NOT FOUND (SKIPPED): 

----------------------------------------------------------------------


---------- Date: 2014-09-24 17:25:08 ~ IP : ::1 ----------
REQUEST URI : /index.php?route=checkout/cart
MOD DETAILS:
   modFile   : /Users/unobab/Desktop/kitchen/vqmod/xml/ocp_currency_dropdown.xml
   id        : Replaces currency blocks with a drop down menu.
   version   : 2
   vqmver    : 2.1.7
   author    : OpenCartPlus

File Name    : catalog/view/theme/*/template/common/header.tpl(0)
VQModObject::applyMod - EMPTY SEARCH CONTENT ERROR

File Name    : catalog/view/theme/*/template/common/header.tpl(0)
VQModObject::applyMod - SEARCH NOT FOUND (SKIPPED): 

----------------------------------------------------------------------


---------- Date: 2014-09-24 17:25:33 ~ IP : ::1 ----------
REQUEST URI : /index.php?route=checkout/cart
MOD DETAILS:
   modFile   : /Users/unobab/Desktop/kitchen/vqmod/xml/ocp_currency_dropdown.xml
   id        : Replaces currency blocks with a drop down menu.
   version   : 2
   vqmver    : 2.1.7
   author    : OpenCartPlus

File Name    : catalog/view/theme/*/template/common/header.tpl(0)
VQModObject::applyMod - EMPTY SEARCH CONTENT ERROR

File Name    : catalog/view/theme/*/template/common/header.tpl(0)
VQModObject::applyMod - SEARCH NOT FOUND (SKIPPED): 

----------------------------------------------------------------------


---------- Date: 2014-09-24 17:25:48 ~ IP : ::1 ----------
REQUEST URI : /index.php?route=checkout/cart
MOD DETAILS:
   modFile   : /Users/unobab/Desktop/kitchen/vqmod/xml/ocp_currency_dropdown.xml
   id        : Replaces currency blocks with a drop down menu.
   version   : 2
   vqmver    : 2.1.7
   author    : OpenCartPlus

File Name    : catalog/view/theme/*/template/common/header.tpl(0)
VQModObject::applyMod - EMPTY SEARCH CONTENT ERROR

File Name    : catalog/view/theme/*/template/common/header.tpl(0)
VQModObject::applyMod - SEARCH NOT FOUND (SKIPPED): 

----------------------------------------------------------------------


---------- Date: 2014-09-24 17:26:19 ~ IP : ::1 ----------
REQUEST URI : /index.php?route=checkout/cart
MOD DETAILS:
   modFile   : /Users/unobab/Desktop/kitchen/vqmod/xml/ocp_currency_dropdown.xml
   id        : Replaces currency blocks with a drop down menu.
   version   : 2
   vqmver    : 2.1.7
   author    : OpenCartPlus

File Name    : catalog/view/theme/*/template/common/header.tpl(0)
VQModObject::applyMod - EMPTY SEARCH CONTENT ERROR

File Name    : catalog/view/theme/*/template/common/header.tpl(0)
VQModObject::applyMod - SEARCH NOT FOUND (SKIPPED): 

----------------------------------------------------------------------


---------- Date: 2014-09-24 17:26:26 ~ IP : ::1 ----------
REQUEST URI : /index.php?route=checkout/cart
MOD DETAILS:
   modFile   : /Users/unobab/Desktop/kitchen/vqmod/xml/ocp_currency_dropdown.xml
   id        : Replaces currency blocks with a drop down menu.
   version   : 2
   vqmver    : 2.1.7
   author    : OpenCartPlus

File Name    : catalog/view/theme/*/template/common/header.tpl(0)
VQModObject::applyMod - EMPTY SEARCH CONTENT ERROR

File Name    : catalog/view/theme/*/template/common/header.tpl(0)
VQModObject::applyMod - SEARCH NOT FOUND (SKIPPED): 

----------------------------------------------------------------------


---------- Date: 2014-09-24 17:26:27 ~ IP : ::1 ----------
REQUEST URI : /index.php?route=checkout/cart
MOD DETAILS:
   modFile   : /Users/unobab/Desktop/kitchen/vqmod/xml/ocp_currency_dropdown.xml
   id        : Replaces currency blocks with a drop down menu.
   version   : 2
   vqmver    : 2.1.7
   author    : OpenCartPlus

File Name    : catalog/view/theme/*/template/common/header.tpl(0)
VQModObject::applyMod - EMPTY SEARCH CONTENT ERROR

File Name    : catalog/view/theme/*/template/common/header.tpl(0)
VQModObject::applyMod - SEARCH NOT FOUND (SKIPPED): 

----------------------------------------------------------------------


---------- Date: 2014-09-24 17:26:29 ~ IP : ::1 ----------
REQUEST URI : /index.php?route=checkout/cart
MOD DETAILS:
   modFile   : /Users/unobab/Desktop/kitchen/vqmod/xml/ocp_currency_dropdown.xml
   id        : Replaces currency blocks with a drop down menu.
   version   : 2
   vqmver    : 2.1.7
   author    : OpenCartPlus

File Name    : catalog/view/theme/*/template/common/header.tpl(0)
VQModObject::applyMod - EMPTY SEARCH CONTENT ERROR

File Name    : catalog/view/theme/*/template/common/header.tpl(0)
VQModObject::applyMod - SEARCH NOT FOUND (SKIPPED): 

----------------------------------------------------------------------


---------- Date: 2014-09-24 17:26:32 ~ IP : ::1 ----------
REQUEST URI : /index.php?route=account/login
MOD DETAILS:
   modFile   : /Users/unobab/Desktop/kitchen/vqmod/xml/ocp_currency_dropdown.xml
   id        : Replaces currency blocks with a drop down menu.
   version   : 2
   vqmver    : 2.1.7
   author    : OpenCartPlus

File Name    : catalog/view/theme/*/template/common/header.tpl(0)
VQModObject::applyMod - EMPTY SEARCH CONTENT ERROR

File Name    : catalog/view/theme/*/template/common/header.tpl(0)
VQModObject::applyMod - SEARCH NOT FOUND (SKIPPED): 

----------------------------------------------------------------------


---------- Date: 2014-09-24 17:26:35 ~ IP : ::1 ----------
REQUEST URI : /index.php?route=account/login
MOD DETAILS:
   modFile   : /Users/unobab/Desktop/kitchen/vqmod/xml/ocp_currency_dropdown.xml
   id        : Replaces currency blocks with a drop down menu.
   version   : 2
   vqmver    : 2.1.7
   author    : OpenCartPlus

File Name    : catalog/view/theme/*/template/common/header.tpl(0)
VQModObject::applyMod - EMPTY SEARCH CONTENT ERROR

File Name    : catalog/view/theme/*/template/common/header.tpl(0)
VQModObject::applyMod - SEARCH NOT FOUND (SKIPPED): 

----------------------------------------------------------------------


---------- Date: 2014-09-24 17:26:37 ~ IP : ::1 ----------
REQUEST URI : /index.php?route=account/login
MOD DETAILS:
   modFile   : /Users/unobab/Desktop/kitchen/vqmod/xml/ocp_currency_dropdown.xml
   id        : Replaces currency blocks with a drop down menu.
   version   : 2
   vqmver    : 2.1.7
   author    : OpenCartPlus

File Name    : catalog/view/theme/*/template/common/header.tpl(0)
VQModObject::applyMod - EMPTY SEARCH CONTENT ERROR

File Name    : catalog/view/theme/*/template/common/header.tpl(0)
VQModObject::applyMod - SEARCH NOT FOUND (SKIPPED): 

----------------------------------------------------------------------


---------- Date: 2014-09-24 17:26:54 ~ IP : ::1 ----------
REQUEST URI : /index.php?route=account/login
MOD DETAILS:
   modFile   : /Users/unobab/Desktop/kitchen/vqmod/xml/ocp_currency_dropdown.xml
   id        : Replaces currency blocks with a drop down menu.
   version   : 2
   vqmver    : 2.1.7
   author    : OpenCartPlus

File Name    : catalog/view/theme/*/template/common/header.tpl(0)
VQModObject::applyMod - EMPTY SEARCH CONTENT ERROR

File Name    : catalog/view/theme/*/template/common/header.tpl(0)
VQModObject::applyMod - SEARCH NOT FOUND (SKIPPED): 

----------------------------------------------------------------------


---------- Date: 2014-09-24 17:27:02 ~ IP : ::1 ----------
REQUEST URI : /index.php?route=account/login
MOD DETAILS:
   modFile   : /Users/unobab/Desktop/kitchen/vqmod/xml/ocp_currency_dropdown.xml
   id        : Replaces currency blocks with a drop down menu.
   version   : 2
   vqmver    : 2.1.7
   author    : OpenCartPlus

File Name    : catalog/view/theme/*/template/common/header.tpl(0)
VQModObject::applyMod - EMPTY SEARCH CONTENT ERROR

File Name    : catalog/view/theme/*/template/common/header.tpl(0)
VQModObject::applyMod - SEARCH NOT FOUND (SKIPPED): 

----------------------------------------------------------------------


---------- Date: 2014-09-24 17:27:08 ~ IP : ::1 ----------
REQUEST URI : /index.php?route=account/login
MOD DETAILS:
   modFile   : /Users/unobab/Desktop/kitchen/vqmod/xml/ocp_currency_dropdown.xml
   id        : Replaces currency blocks with a drop down menu.
   version   : 2
   vqmver    : 2.1.7
   author    : OpenCartPlus

File Name    : catalog/view/theme/*/template/common/header.tpl(0)
VQModObject::applyMod - EMPTY SEARCH CONTENT ERROR

File Name    : catalog/view/theme/*/template/common/header.tpl(0)
VQModObject::applyMod - SEARCH NOT FOUND (SKIPPED): 

----------------------------------------------------------------------


---------- Date: 2014-09-24 17:27:14 ~ IP : ::1 ----------
REQUEST URI : /index.php?route=account/login
MOD DETAILS:
   modFile   : /Users/unobab/Desktop/kitchen/vqmod/xml/ocp_currency_dropdown.xml
   id        : Replaces currency blocks with a drop down menu.
   version   : 2
   vqmver    : 2.1.7
   author    : OpenCartPlus

File Name    : catalog/view/theme/*/template/common/header.tpl(0)
VQModObject::applyMod - EMPTY SEARCH CONTENT ERROR

File Name    : catalog/view/theme/*/template/common/header.tpl(0)
VQModObject::applyMod - SEARCH NOT FOUND (SKIPPED): 

----------------------------------------------------------------------


---------- Date: 2014-09-24 17:27:18 ~ IP : ::1 ----------
REQUEST URI : /index.php?route=account/login
MOD DETAILS:
   modFile   : /Users/unobab/Desktop/kitchen/vqmod/xml/ocp_currency_dropdown.xml
   id        : Replaces currency blocks with a drop down menu.
   version   : 2
   vqmver    : 2.1.7
   author    : OpenCartPlus

File Name    : catalog/view/theme/*/template/common/header.tpl(0)
VQModObject::applyMod - EMPTY SEARCH CONTENT ERROR

File Name    : catalog/view/theme/*/template/common/header.tpl(0)
VQModObject::applyMod - SEARCH NOT FOUND (SKIPPED): 

----------------------------------------------------------------------


---------- Date: 2014-09-24 17:29:54 ~ IP : ::1 ----------
REQUEST URI : /index.php?route=account/login
MOD DETAILS:
   modFile   : /Users/unobab/Desktop/kitchen/vqmod/xml/ocp_currency_dropdown.xml
   id        : Replaces currency blocks with a drop down menu.
   version   : 2
   vqmver    : 2.1.7
   author    : OpenCartPlus

File Name    : catalog/view/theme/*/template/common/header.tpl(0)
VQModObject::applyMod - EMPTY SEARCH CONTENT ERROR

File Name    : catalog/view/theme/*/template/common/header.tpl(0)
VQModObject::applyMod - SEARCH NOT FOUND (SKIPPED): 

----------------------------------------------------------------------


---------- Date: 2014-09-24 17:30:12 ~ IP : ::1 ----------
REQUEST URI : /index.php?route=account/login
MOD DETAILS:
   modFile   : /Users/unobab/Desktop/kitchen/vqmod/xml/ocp_currency_dropdown.xml
   id        : Replaces currency blocks with a drop down menu.
   version   : 2
   vqmver    : 2.1.7
   author    : OpenCartPlus

File Name    : catalog/view/theme/*/template/common/header.tpl(0)
VQModObject::applyMod - EMPTY SEARCH CONTENT ERROR

File Name    : catalog/view/theme/*/template/common/header.tpl(0)
VQModObject::applyMod - SEARCH NOT FOUND (SKIPPED): 

----------------------------------------------------------------------


---------- Date: 2014-09-24 17:30:26 ~ IP : ::1 ----------
REQUEST URI : /index.php?route=common/home
MOD DETAILS:
   modFile   : /Users/unobab/Desktop/kitchen/vqmod/xml/ocp_currency_dropdown.xml
   id        : Replaces currency blocks with a drop down menu.
   version   : 2
   vqmver    : 2.1.7
   author    : OpenCartPlus

File Name    : catalog/view/theme/*/template/common/header.tpl(0)
VQModObject::applyMod - EMPTY SEARCH CONTENT ERROR

File Name    : catalog/view/theme/*/template/common/header.tpl(0)
VQModObject::applyMod - SEARCH NOT FOUND (SKIPPED): 

----------------------------------------------------------------------


---------- Date: 2014-09-24 17:30:41 ~ IP : ::1 ----------
REQUEST URI : /index.php?route=common/home
MOD DETAILS:
   modFile   : /Users/unobab/Desktop/kitchen/vqmod/xml/ocp_currency_dropdown.xml
   id        : Replaces currency blocks with a drop down menu.
   version   : 2
   vqmver    : 2.1.7
   author    : OpenCartPlus

File Name    : catalog/view/theme/*/template/common/header.tpl(0)
VQModObject::applyMod - EMPTY SEARCH CONTENT ERROR

File Name    : catalog/view/theme/*/template/common/header.tpl(0)
VQModObject::applyMod - SEARCH NOT FOUND (SKIPPED): 

----------------------------------------------------------------------


---------- Date: 2014-09-24 17:31:40 ~ IP : ::1 ----------
REQUEST URI : /index.php?route=common/home
MOD DETAILS:
   modFile   : /Users/unobab/Desktop/kitchen/vqmod/xml/ocp_currency_dropdown.xml
   id        : Replaces currency blocks with a drop down menu.
   version   : 2
   vqmver    : 2.1.7
   author    : OpenCartPlus

File Name    : catalog/view/theme/*/template/common/header.tpl(0)
VQModObject::applyMod - EMPTY SEARCH CONTENT ERROR

File Name    : catalog/view/theme/*/template/common/header.tpl(0)
VQModObject::applyMod - SEARCH NOT FOUND (SKIPPED): 

----------------------------------------------------------------------


---------- Date: 2014-09-24 17:32:09 ~ IP : ::1 ----------
REQUEST URI : /index.php?route=common/home
MOD DETAILS:
   modFile   : /Users/unobab/Desktop/kitchen/vqmod/xml/ocp_currency_dropdown.xml
   id        : Replaces currency blocks with a drop down menu.
   version   : 2
   vqmver    : 2.1.7
   author    : OpenCartPlus

File Name    : catalog/view/theme/*/template/common/header.tpl(0)
VQModObject::applyMod - EMPTY SEARCH CONTENT ERROR

File Name    : catalog/view/theme/*/template/common/header.tpl(0)
VQModObject::applyMod - SEARCH NOT FOUND (SKIPPED): 

----------------------------------------------------------------------


---------- Date: 2014-09-24 17:33:05 ~ IP : ::1 ----------
REQUEST URI : /index.php?route=account/login
MOD DETAILS:
   modFile   : /Users/unobab/Desktop/kitchen/vqmod/xml/ocp_currency_dropdown.xml
   id        : Replaces currency blocks with a drop down menu.
   version   : 2
   vqmver    : 2.1.7
   author    : OpenCartPlus

File Name    : catalog/view/theme/*/template/common/header.tpl(0)
VQModObject::applyMod - EMPTY SEARCH CONTENT ERROR

File Name    : catalog/view/theme/*/template/common/header.tpl(0)
VQModObject::applyMod - SEARCH NOT FOUND (SKIPPED): 

----------------------------------------------------------------------


---------- Date: 2014-09-24 17:34:01 ~ IP : ::1 ----------
REQUEST URI : /index.php?route=account/login
MOD DETAILS:
   modFile   : /Users/unobab/Desktop/kitchen/vqmod/xml/ocp_currency_dropdown.xml
   id        : Replaces currency blocks with a drop down menu.
   version   : 2
   vqmver    : 2.1.7
   author    : OpenCartPlus

File Name    : catalog/view/theme/*/template/common/header.tpl(0)
VQModObject::applyMod - EMPTY SEARCH CONTENT ERROR

File Name    : catalog/view/theme/*/template/common/header.tpl(0)
VQModObject::applyMod - SEARCH NOT FOUND (SKIPPED): 

----------------------------------------------------------------------


---------- Date: 2014-09-24 17:34:36 ~ IP : ::1 ----------
REQUEST URI : /index.php?route=account/forgotten
MOD DETAILS:
   modFile   : /Users/unobab/Desktop/kitchen/vqmod/xml/ocp_currency_dropdown.xml
   id        : Replaces currency blocks with a drop down menu.
   version   : 2
   vqmver    : 2.1.7
   author    : OpenCartPlus

File Name    : catalog/view/theme/*/template/common/header.tpl(0)
VQModObject::applyMod - EMPTY SEARCH CONTENT ERROR

File Name    : catalog/view/theme/*/template/common/header.tpl(0)
VQModObject::applyMod - SEARCH NOT FOUND (SKIPPED): 

----------------------------------------------------------------------


---------- Date: 2014-09-24 17:34:42 ~ IP : ::1 ----------
REQUEST URI : /index.php?route=account/register
MOD DETAILS:
   modFile   : /Users/unobab/Desktop/kitchen/vqmod/xml/ocp_currency_dropdown.xml
   id        : Replaces currency blocks with a drop down menu.
   version   : 2
   vqmver    : 2.1.7
   author    : OpenCartPlus

File Name    : catalog/view/theme/*/template/common/header.tpl(0)
VQModObject::applyMod - EMPTY SEARCH CONTENT ERROR

File Name    : catalog/view/theme/*/template/common/header.tpl(0)
VQModObject::applyMod - SEARCH NOT FOUND (SKIPPED): 

----------------------------------------------------------------------


---------- Date: 2014-09-24 17:35:33 ~ IP : ::1 ----------
REQUEST URI : /index.php?route=account/register
MOD DETAILS:
   modFile   : /Users/unobab/Desktop/kitchen/vqmod/xml/ocp_currency_dropdown.xml
   id        : Replaces currency blocks with a drop down menu.
   version   : 2
   vqmver    : 2.1.7
   author    : OpenCartPlus

File Name    : catalog/view/theme/*/template/common/header.tpl(0)
VQModObject::applyMod - EMPTY SEARCH CONTENT ERROR

File Name    : catalog/view/theme/*/template/common/header.tpl(0)
VQModObject::applyMod - SEARCH NOT FOUND (SKIPPED): 

----------------------------------------------------------------------


---------- Date: 2014-09-24 17:35:44 ~ IP : ::1 ----------
REQUEST URI : /index.php?route=account/register
MOD DETAILS:
   modFile   : /Users/unobab/Desktop/kitchen/vqmod/xml/ocp_currency_dropdown.xml
   id        : Replaces currency blocks with a drop down menu.
   version   : 2
   vqmver    : 2.1.7
   author    : OpenCartPlus

File Name    : catalog/view/theme/*/template/common/header.tpl(0)
VQModObject::applyMod - EMPTY SEARCH CONTENT ERROR

File Name    : catalog/view/theme/*/template/common/header.tpl(0)
VQModObject::applyMod - SEARCH NOT FOUND (SKIPPED): 

----------------------------------------------------------------------


---------- Date: 2014-09-24 17:37:26 ~ IP : ::1 ----------
REQUEST URI : /index.php?route=account/login
MOD DETAILS:
   modFile   : /Users/unobab/Desktop/kitchen/vqmod/xml/ocp_currency_dropdown.xml
   id        : Replaces currency blocks with a drop down menu.
   version   : 2
   vqmver    : 2.1.7
   author    : OpenCartPlus

File Name    : catalog/view/theme/*/template/common/header.tpl(0)
VQModObject::applyMod - EMPTY SEARCH CONTENT ERROR

File Name    : catalog/view/theme/*/template/common/header.tpl(0)
VQModObject::applyMod - SEARCH NOT FOUND (SKIPPED): 

----------------------------------------------------------------------


---------- Date: 2014-09-24 17:37:30 ~ IP : ::1 ----------
REQUEST URI : /index.php?route=account/login
MOD DETAILS:
   modFile   : /Users/unobab/Desktop/kitchen/vqmod/xml/ocp_currency_dropdown.xml
   id        : Replaces currency blocks with a drop down menu.
   version   : 2
   vqmver    : 2.1.7
   author    : OpenCartPlus

File Name    : catalog/view/theme/*/template/common/header.tpl(0)
VQModObject::applyMod - EMPTY SEARCH CONTENT ERROR

File Name    : catalog/view/theme/*/template/common/header.tpl(0)
VQModObject::applyMod - SEARCH NOT FOUND (SKIPPED): 

----------------------------------------------------------------------


---------- Date: 2014-09-24 17:37:32 ~ IP : ::1 ----------
REQUEST URI : /index.php?route=account/login
MOD DETAILS:
   modFile   : /Users/unobab/Desktop/kitchen/vqmod/xml/ocp_currency_dropdown.xml
   id        : Replaces currency blocks with a drop down menu.
   version   : 2
   vqmver    : 2.1.7
   author    : OpenCartPlus

File Name    : catalog/view/theme/*/template/common/header.tpl(0)
VQModObject::applyMod - EMPTY SEARCH CONTENT ERROR

File Name    : catalog/view/theme/*/template/common/header.tpl(0)
VQModObject::applyMod - SEARCH NOT FOUND (SKIPPED): 

----------------------------------------------------------------------


---------- Date: 2014-09-24 17:37:33 ~ IP : ::1 ----------
REQUEST URI : /index.php?route=common/home
MOD DETAILS:
   modFile   : /Users/unobab/Desktop/kitchen/vqmod/xml/ocp_currency_dropdown.xml
   id        : Replaces currency blocks with a drop down menu.
   version   : 2
   vqmver    : 2.1.7
   author    : OpenCartPlus

File Name    : catalog/view/theme/*/template/common/header.tpl(0)
VQModObject::applyMod - EMPTY SEARCH CONTENT ERROR

File Name    : catalog/view/theme/*/template/common/header.tpl(0)
VQModObject::applyMod - SEARCH NOT FOUND (SKIPPED): 

----------------------------------------------------------------------


---------- Date: 2014-09-24 17:37:36 ~ IP : ::1 ----------
REQUEST URI : /index.php?route=common/home
MOD DETAILS:
   modFile   : /Users/unobab/Desktop/kitchen/vqmod/xml/ocp_currency_dropdown.xml
   id        : Replaces currency blocks with a drop down menu.
   version   : 2
   vqmver    : 2.1.7
   author    : OpenCartPlus

File Name    : catalog/view/theme/*/template/common/header.tpl(0)
VQModObject::applyMod - EMPTY SEARCH CONTENT ERROR

File Name    : catalog/view/theme/*/template/common/header.tpl(0)
VQModObject::applyMod - SEARCH NOT FOUND (SKIPPED): 

----------------------------------------------------------------------


---------- Date: 2014-09-24 17:37:38 ~ IP : ::1 ----------
REQUEST URI : /index.php?route=product/search
MOD DETAILS:
   modFile   : /Users/unobab/Desktop/kitchen/vqmod/xml/ocp_currency_dropdown.xml
   id        : Replaces currency blocks with a drop down menu.
   version   : 2
   vqmver    : 2.1.7
   author    : OpenCartPlus

File Name    : catalog/view/theme/*/template/common/header.tpl(0)
VQModObject::applyMod - EMPTY SEARCH CONTENT ERROR

File Name    : catalog/view/theme/*/template/common/header.tpl(0)
VQModObject::applyMod - SEARCH NOT FOUND (SKIPPED): 

----------------------------------------------------------------------


---------- Date: 2014-09-24 17:38:16 ~ IP : ::1 ----------
REQUEST URI : /index.php?route=product/search
MOD DETAILS:
   modFile   : /Users/unobab/Desktop/kitchen/vqmod/xml/ocp_currency_dropdown.xml
   id        : Replaces currency blocks with a drop down menu.
   version   : 2
   vqmver    : 2.1.7
   author    : OpenCartPlus

File Name    : catalog/view/theme/*/template/common/header.tpl(0)
VQModObject::applyMod - EMPTY SEARCH CONTENT ERROR

File Name    : catalog/view/theme/*/template/common/header.tpl(0)
VQModObject::applyMod - SEARCH NOT FOUND (SKIPPED): 

----------------------------------------------------------------------


---------- Date: 2014-09-24 17:39:25 ~ IP : ::1 ----------
REQUEST URI : /index.php?route=product/search
MOD DETAILS:
   modFile   : /Users/unobab/Desktop/kitchen/vqmod/xml/ocp_currency_dropdown.xml
   id        : Replaces currency blocks with a drop down menu.
   version   : 2
   vqmver    : 2.1.7
   author    : OpenCartPlus

File Name    : catalog/view/theme/*/template/common/header.tpl(0)
VQModObject::applyMod - EMPTY SEARCH CONTENT ERROR

File Name    : catalog/view/theme/*/template/common/header.tpl(0)
VQModObject::applyMod - SEARCH NOT FOUND (SKIPPED): 

----------------------------------------------------------------------


---------- Date: 2014-09-24 17:40:16 ~ IP : ::1 ----------
REQUEST URI : /index.php?route=product/search
MOD DETAILS:
   modFile   : /Users/unobab/Desktop/kitchen/vqmod/xml/ocp_currency_dropdown.xml
   id        : Replaces currency blocks with a drop down menu.
   version   : 2
   vqmver    : 2.1.7
   author    : OpenCartPlus

File Name    : catalog/view/theme/*/template/common/header.tpl(0)
VQModObject::applyMod - EMPTY SEARCH CONTENT ERROR

File Name    : catalog/view/theme/*/template/common/header.tpl(0)
VQModObject::applyMod - SEARCH NOT FOUND (SKIPPED): 

----------------------------------------------------------------------


---------- Date: 2014-09-24 17:40:42 ~ IP : ::1 ----------
REQUEST URI : /index.php?route=product/search
MOD DETAILS:
   modFile   : /Users/unobab/Desktop/kitchen/vqmod/xml/ocp_currency_dropdown.xml
   id        : Replaces currency blocks with a drop down menu.
   version   : 2
   vqmver    : 2.1.7
   author    : OpenCartPlus

File Name    : catalog/view/theme/*/template/common/header.tpl(0)
VQModObject::applyMod - EMPTY SEARCH CONTENT ERROR

File Name    : catalog/view/theme/*/template/common/header.tpl(0)
VQModObject::applyMod - SEARCH NOT FOUND (SKIPPED): 

----------------------------------------------------------------------


---------- Date: 2014-09-24 17:41:03 ~ IP : ::1 ----------
REQUEST URI : /index.php?route=product/search&amp;search=iphone&amp;description=true
MOD DETAILS:
   modFile   : /Users/unobab/Desktop/kitchen/vqmod/xml/ocp_currency_dropdown.xml
   id        : Replaces currency blocks with a drop down menu.
   version   : 2
   vqmver    : 2.1.7
   author    : OpenCartPlus

File Name    : catalog/view/theme/*/template/common/header.tpl(0)
VQModObject::applyMod - EMPTY SEARCH CONTENT ERROR

File Name    : catalog/view/theme/*/template/common/header.tpl(0)
VQModObject::applyMod - SEARCH NOT FOUND (SKIPPED): 

----------------------------------------------------------------------


---------- Date: 2014-09-24 17:42:12 ~ IP : ::1 ----------
REQUEST URI : /index.php?route=product/search&amp;search=iphone&amp;description=true
MOD DETAILS:
   modFile   : /Users/unobab/Desktop/kitchen/vqmod/xml/ocp_currency_dropdown.xml
   id        : Replaces currency blocks with a drop down menu.
   version   : 2
   vqmver    : 2.1.7
   author    : OpenCartPlus

File Name    : catalog/view/theme/*/template/common/header.tpl(0)
VQModObject::applyMod - EMPTY SEARCH CONTENT ERROR

File Name    : catalog/view/theme/*/template/common/header.tpl(0)
VQModObject::applyMod - SEARCH NOT FOUND (SKIPPED): 

----------------------------------------------------------------------


---------- Date: 2014-09-24 17:42:42 ~ IP : ::1 ----------
REQUEST URI : /index.php?route=common/home
MOD DETAILS:
   modFile   : /Users/unobab/Desktop/kitchen/vqmod/xml/ocp_currency_dropdown.xml
   id        : Replaces currency blocks with a drop down menu.
   version   : 2
   vqmver    : 2.1.7
   author    : OpenCartPlus

File Name    : catalog/view/theme/*/template/common/header.tpl(0)
VQModObject::applyMod - EMPTY SEARCH CONTENT ERROR

File Name    : catalog/view/theme/*/template/common/header.tpl(0)
VQModObject::applyMod - SEARCH NOT FOUND (SKIPPED): 

----------------------------------------------------------------------


---------- Date: 2014-09-24 17:42:59 ~ IP : ::1 ----------
REQUEST URI : /index.php?route=product/product&amp;product_id=55
MOD DETAILS:
   modFile   : /Users/unobab/Desktop/kitchen/vqmod/xml/ocp_currency_dropdown.xml
   id        : Replaces currency blocks with a drop down menu.
   version   : 2
   vqmver    : 2.1.7
   author    : OpenCartPlus

File Name    : catalog/view/theme/*/template/common/header.tpl(0)
VQModObject::applyMod - EMPTY SEARCH CONTENT ERROR

File Name    : catalog/view/theme/*/template/common/header.tpl(0)
VQModObject::applyMod - SEARCH NOT FOUND (SKIPPED): 

----------------------------------------------------------------------


---------- Date: 2014-09-24 17:43:05 ~ IP : ::1 ----------
REQUEST URI : /index.php?route=account/login
MOD DETAILS:
   modFile   : /Users/unobab/Desktop/kitchen/vqmod/xml/ocp_currency_dropdown.xml
   id        : Replaces currency blocks with a drop down menu.
   version   : 2
   vqmver    : 2.1.7
   author    : OpenCartPlus

File Name    : catalog/view/theme/*/template/common/header.tpl(0)
VQModObject::applyMod - EMPTY SEARCH CONTENT ERROR

File Name    : catalog/view/theme/*/template/common/header.tpl(0)
VQModObject::applyMod - SEARCH NOT FOUND (SKIPPED): 

----------------------------------------------------------------------


---------- Date: 2014-09-24 17:43:13 ~ IP : ::1 ----------
REQUEST URI : /index.php?route=account/login
MOD DETAILS:
   modFile   : /Users/unobab/Desktop/kitchen/vqmod/xml/ocp_currency_dropdown.xml
   id        : Replaces currency blocks with a drop down menu.
   version   : 2
   vqmver    : 2.1.7
   author    : OpenCartPlus

File Name    : catalog/view/theme/*/template/common/header.tpl(0)
VQModObject::applyMod - EMPTY SEARCH CONTENT ERROR

File Name    : catalog/view/theme/*/template/common/header.tpl(0)
VQModObject::applyMod - SEARCH NOT FOUND (SKIPPED): 

----------------------------------------------------------------------


---------- Date: 2014-09-24 17:43:19 ~ IP : ::1 ----------
REQUEST URI : /index.php?route=checkout/cart
MOD DETAILS:
   modFile   : /Users/unobab/Desktop/kitchen/vqmod/xml/ocp_currency_dropdown.xml
   id        : Replaces currency blocks with a drop down menu.
   version   : 2
   vqmver    : 2.1.7
   author    : OpenCartPlus

File Name    : catalog/view/theme/*/template/common/header.tpl(0)
VQModObject::applyMod - EMPTY SEARCH CONTENT ERROR

File Name    : catalog/view/theme/*/template/common/header.tpl(0)
VQModObject::applyMod - SEARCH NOT FOUND (SKIPPED): 

----------------------------------------------------------------------


---------- Date: 2014-09-24 17:43:21 ~ IP : ::1 ----------
REQUEST URI : /index.php?route=checkout/cart
MOD DETAILS:
   modFile   : /Users/unobab/Desktop/kitchen/vqmod/xml/ocp_currency_dropdown.xml
   id        : Replaces currency blocks with a drop down menu.
   version   : 2
   vqmver    : 2.1.7
   author    : OpenCartPlus

File Name    : catalog/view/theme/*/template/common/header.tpl(0)
VQModObject::applyMod - EMPTY SEARCH CONTENT ERROR

File Name    : catalog/view/theme/*/template/common/header.tpl(0)
VQModObject::applyMod - SEARCH NOT FOUND (SKIPPED): 

----------------------------------------------------------------------


---------- Date: 2014-09-24 17:44:50 ~ IP : ::1 ----------
REQUEST URI : /hello
MOD DETAILS:
   modFile   : /Users/unobab/Desktop/kitchen/vqmod/xml/ocp_currency_dropdown.xml
   id        : Replaces currency blocks with a drop down menu.
   version   : 2
   vqmver    : 2.1.7
   author    : OpenCartPlus

File Name    : catalog/view/theme/*/template/common/header.tpl(0)
VQModObject::applyMod - EMPTY SEARCH CONTENT ERROR

File Name    : catalog/view/theme/*/template/common/header.tpl(0)
VQModObject::applyMod - SEARCH NOT FOUND (SKIPPED): 

----------------------------------------------------------------------


---------- Date: 2014-09-24 17:44:57 ~ IP : ::1 ----------
REQUEST URI : /deepak
MOD DETAILS:
   modFile   : /Users/unobab/Desktop/kitchen/vqmod/xml/ocp_currency_dropdown.xml
   id        : Replaces currency blocks with a drop down menu.
   version   : 2
   vqmver    : 2.1.7
   author    : OpenCartPlus

File Name    : catalog/view/theme/*/template/common/header.tpl(0)
VQModObject::applyMod - EMPTY SEARCH CONTENT ERROR

File Name    : catalog/view/theme/*/template/common/header.tpl(0)
VQModObject::applyMod - SEARCH NOT FOUND (SKIPPED): 

----------------------------------------------------------------------


---------- Date: 2014-09-24 17:44:59 ~ IP : ::1 ----------
REQUEST URI : /index.php?route=product/product&amp;product_id=55
MOD DETAILS:
   modFile   : /Users/unobab/Desktop/kitchen/vqmod/xml/ocp_currency_dropdown.xml
   id        : Replaces currency blocks with a drop down menu.
   version   : 2
   vqmver    : 2.1.7
   author    : OpenCartPlus

File Name    : catalog/view/theme/*/template/common/header.tpl(0)
VQModObject::applyMod - EMPTY SEARCH CONTENT ERROR

File Name    : catalog/view/theme/*/template/common/header.tpl(0)
VQModObject::applyMod - SEARCH NOT FOUND (SKIPPED): 

----------------------------------------------------------------------


---------- Date: 2014-09-24 17:45:06 ~ IP : ::1 ----------
REQUEST URI : /index.php?route=product/product&amp;product_id=34
MOD DETAILS:
   modFile   : /Users/unobab/Desktop/kitchen/vqmod/xml/ocp_currency_dropdown.xml
   id        : Replaces currency blocks with a drop down menu.
   version   : 2
   vqmver    : 2.1.7
   author    : OpenCartPlus

File Name    : catalog/view/theme/*/template/common/header.tpl(0)
VQModObject::applyMod - EMPTY SEARCH CONTENT ERROR

File Name    : catalog/view/theme/*/template/common/header.tpl(0)
VQModObject::applyMod - SEARCH NOT FOUND (SKIPPED): 

----------------------------------------------------------------------


---------- Date: 2014-09-24 17:45:31 ~ IP : ::1 ----------
REQUEST URI : /index.php?route=product/product&amp;product_id=34
MOD DETAILS:
   modFile   : /Users/unobab/Desktop/kitchen/vqmod/xml/ocp_currency_dropdown.xml
   id        : Replaces currency blocks with a drop down menu.
   version   : 2
   vqmver    : 2.1.7
   author    : OpenCartPlus

File Name    : catalog/view/theme/*/template/common/header.tpl(0)
VQModObject::applyMod - EMPTY SEARCH CONTENT ERROR

File Name    : catalog/view/theme/*/template/common/header.tpl(0)
VQModObject::applyMod - SEARCH NOT FOUND (SKIPPED): 

----------------------------------------------------------------------


---------- Date: 2014-09-24 17:46:32 ~ IP : ::1 ----------
REQUEST URI : /index.php?route=product/product&amp;product_id=34
MOD DETAILS:
   modFile   : /Users/unobab/Desktop/kitchen/vqmod/xml/ocp_currency_dropdown.xml
   id        : Replaces currency blocks with a drop down menu.
   version   : 2
   vqmver    : 2.1.7
   author    : OpenCartPlus

File Name    : catalog/view/theme/*/template/common/header.tpl(0)
VQModObject::applyMod - EMPTY SEARCH CONTENT ERROR

File Name    : catalog/view/theme/*/template/common/header.tpl(0)
VQModObject::applyMod - SEARCH NOT FOUND (SKIPPED): 

----------------------------------------------------------------------


---------- Date: 2014-09-24 17:46:53 ~ IP : ::1 ----------
REQUEST URI : /index.php?route=product/product&amp;product_id=34
MOD DETAILS:
   modFile   : /Users/unobab/Desktop/kitchen/vqmod/xml/ocp_currency_dropdown.xml
   id        : Replaces currency blocks with a drop down menu.
   version   : 2
   vqmver    : 2.1.7
   author    : OpenCartPlus

File Name    : catalog/view/theme/*/template/common/header.tpl(0)
VQModObject::applyMod - EMPTY SEARCH CONTENT ERROR

File Name    : catalog/view/theme/*/template/common/header.tpl(0)
VQModObject::applyMod - SEARCH NOT FOUND (SKIPPED): 

----------------------------------------------------------------------


---------- Date: 2014-09-24 17:47:05 ~ IP : ::1 ----------
REQUEST URI : /index.php?route=product/product&amp;product_id=34
MOD DETAILS:
   modFile   : /Users/unobab/Desktop/kitchen/vqmod/xml/ocp_currency_dropdown.xml
   id        : Replaces currency blocks with a drop down menu.
   version   : 2
   vqmver    : 2.1.7
   author    : OpenCartPlus

File Name    : catalog/view/theme/*/template/common/header.tpl(0)
VQModObject::applyMod - EMPTY SEARCH CONTENT ERROR

File Name    : catalog/view/theme/*/template/common/header.tpl(0)
VQModObject::applyMod - SEARCH NOT FOUND (SKIPPED): 

----------------------------------------------------------------------


---------- Date: 2014-09-24 17:47:18 ~ IP : ::1 ----------
REQUEST URI : /index.php?route=product/product&amp;product_id=34
MOD DETAILS:
   modFile   : /Users/unobab/Desktop/kitchen/vqmod/xml/ocp_currency_dropdown.xml
   id        : Replaces currency blocks with a drop down menu.
   version   : 2
   vqmver    : 2.1.7
   author    : OpenCartPlus

File Name    : catalog/view/theme/*/template/common/header.tpl(0)
VQModObject::applyMod - EMPTY SEARCH CONTENT ERROR

File Name    : catalog/view/theme/*/template/common/header.tpl(0)
VQModObject::applyMod - SEARCH NOT FOUND (SKIPPED): 

----------------------------------------------------------------------


---------- Date: 2014-09-24 17:47:51 ~ IP : ::1 ----------
REQUEST URI : /index.php?route=product/product&amp;product_id=34
MOD DETAILS:
   modFile   : /Users/unobab/Desktop/kitchen/vqmod/xml/ocp_currency_dropdown.xml
   id        : Replaces currency blocks with a drop down menu.
   version   : 2
   vqmver    : 2.1.7
   author    : OpenCartPlus

File Name    : catalog/view/theme/*/template/common/header.tpl(0)
VQModObject::applyMod - EMPTY SEARCH CONTENT ERROR

File Name    : catalog/view/theme/*/template/common/header.tpl(0)
VQModObject::applyMod - SEARCH NOT FOUND (SKIPPED): 

----------------------------------------------------------------------


---------- Date: 2014-09-24 17:48:00 ~ IP : ::1 ----------
REQUEST URI : /index.php?route=account/login
MOD DETAILS:
   modFile   : /Users/unobab/Desktop/kitchen/vqmod/xml/ocp_currency_dropdown.xml
   id        : Replaces currency blocks with a drop down menu.
   version   : 2
   vqmver    : 2.1.7
   author    : OpenCartPlus

File Name    : catalog/view/theme/*/template/common/header.tpl(0)
VQModObject::applyMod - EMPTY SEARCH CONTENT ERROR

File Name    : catalog/view/theme/*/template/common/header.tpl(0)
VQModObject::applyMod - SEARCH NOT FOUND (SKIPPED): 

----------------------------------------------------------------------


---------- Date: 2014-09-24 17:48:09 ~ IP : ::1 ----------
REQUEST URI : /index.php?route=information/contact
MOD DETAILS:
   modFile   : /Users/unobab/Desktop/kitchen/vqmod/xml/ocp_currency_dropdown.xml
   id        : Replaces currency blocks with a drop down menu.
   version   : 2
   vqmver    : 2.1.7
   author    : OpenCartPlus

File Name    : catalog/view/theme/*/template/common/header.tpl(0)
VQModObject::applyMod - EMPTY SEARCH CONTENT ERROR

File Name    : catalog/view/theme/*/template/common/header.tpl(0)
VQModObject::applyMod - SEARCH NOT FOUND (SKIPPED): 

----------------------------------------------------------------------


---------- Date: 2014-09-24 17:48:12 ~ IP : ::1 ----------
REQUEST URI : /index.php?route=account/return/insert
MOD DETAILS:
   modFile   : /Users/unobab/Desktop/kitchen/vqmod/xml/ocp_currency_dropdown.xml
   id        : Replaces currency blocks with a drop down menu.
   version   : 2
   vqmver    : 2.1.7
   author    : OpenCartPlus

File Name    : catalog/view/theme/*/template/common/header.tpl(0)
VQModObject::applyMod - EMPTY SEARCH CONTENT ERROR

File Name    : catalog/view/theme/*/template/common/header.tpl(0)
VQModObject::applyMod - SEARCH NOT FOUND (SKIPPED): 

----------------------------------------------------------------------


---------- Date: 2014-09-24 17:48:49 ~ IP : ::1 ----------
REQUEST URI : /index.php?route=account/return/insert
MOD DETAILS:
   modFile   : /Users/unobab/Desktop/kitchen/vqmod/xml/ocp_currency_dropdown.xml
   id        : Replaces currency blocks with a drop down menu.
   version   : 2
   vqmver    : 2.1.7
   author    : OpenCartPlus

File Name    : catalog/view/theme/*/template/common/header.tpl(0)
VQModObject::applyMod - EMPTY SEARCH CONTENT ERROR

File Name    : catalog/view/theme/*/template/common/header.tpl(0)
VQModObject::applyMod - SEARCH NOT FOUND (SKIPPED): 

----------------------------------------------------------------------


---------- Date: 2014-09-24 17:48:56 ~ IP : ::1 ----------
REQUEST URI : /index.php?route=account/return/insert
MOD DETAILS:
   modFile   : /Users/unobab/Desktop/kitchen/vqmod/xml/ocp_currency_dropdown.xml
   id        : Replaces currency blocks with a drop down menu.
   version   : 2
   vqmver    : 2.1.7
   author    : OpenCartPlus

File Name    : catalog/view/theme/*/template/common/header.tpl(0)
VQModObject::applyMod - EMPTY SEARCH CONTENT ERROR

File Name    : catalog/view/theme/*/template/common/header.tpl(0)
VQModObject::applyMod - SEARCH NOT FOUND (SKIPPED): 

----------------------------------------------------------------------


---------- Date: 2014-09-24 17:49:12 ~ IP : ::1 ----------
REQUEST URI : /index.php?route=account/return/insert
MOD DETAILS:
   modFile   : /Users/unobab/Desktop/kitchen/vqmod/xml/ocp_currency_dropdown.xml
   id        : Replaces currency blocks with a drop down menu.
   version   : 2
   vqmver    : 2.1.7
   author    : OpenCartPlus

File Name    : catalog/view/theme/*/template/common/header.tpl(0)
VQModObject::applyMod - EMPTY SEARCH CONTENT ERROR

File Name    : catalog/view/theme/*/template/common/header.tpl(0)
VQModObject::applyMod - SEARCH NOT FOUND (SKIPPED): 

----------------------------------------------------------------------


---------- Date: 2014-09-24 17:49:35 ~ IP : ::1 ----------
REQUEST URI : /index.php?route=account/return/insert
MOD DETAILS:
   modFile   : /Users/unobab/Desktop/kitchen/vqmod/xml/ocp_currency_dropdown.xml
   id        : Replaces currency blocks with a drop down menu.
   version   : 2
   vqmver    : 2.1.7
   author    : OpenCartPlus

File Name    : catalog/view/theme/*/template/common/header.tpl(0)
VQModObject::applyMod - EMPTY SEARCH CONTENT ERROR

File Name    : catalog/view/theme/*/template/common/header.tpl(0)
VQModObject::applyMod - SEARCH NOT FOUND (SKIPPED): 

----------------------------------------------------------------------


---------- Date: 2014-09-24 17:49:40 ~ IP : ::1 ----------
REQUEST URI : /index.php?route=account/return/insert
MOD DETAILS:
   modFile   : /Users/unobab/Desktop/kitchen/vqmod/xml/ocp_currency_dropdown.xml
   id        : Replaces currency blocks with a drop down menu.
   version   : 2
   vqmver    : 2.1.7
   author    : OpenCartPlus

File Name    : catalog/view/theme/*/template/common/header.tpl(0)
VQModObject::applyMod - EMPTY SEARCH CONTENT ERROR

File Name    : catalog/view/theme/*/template/common/header.tpl(0)
VQModObject::applyMod - SEARCH NOT FOUND (SKIPPED): 

----------------------------------------------------------------------


---------- Date: 2014-09-24 17:49:46 ~ IP : ::1 ----------
REQUEST URI : /index.php?route=account/return/insert
MOD DETAILS:
   modFile   : /Users/unobab/Desktop/kitchen/vqmod/xml/ocp_currency_dropdown.xml
   id        : Replaces currency blocks with a drop down menu.
   version   : 2
   vqmver    : 2.1.7
   author    : OpenCartPlus

File Name    : catalog/view/theme/*/template/common/header.tpl(0)
VQModObject::applyMod - EMPTY SEARCH CONTENT ERROR

File Name    : catalog/view/theme/*/template/common/header.tpl(0)
VQModObject::applyMod - SEARCH NOT FOUND (SKIPPED): 

----------------------------------------------------------------------


---------- Date: 2014-09-24 17:53:32 ~ IP : ::1 ----------
REQUEST URI : /index.php?route=account/return/insert
MOD DETAILS:
   modFile   : /Users/unobab/Desktop/kitchen/vqmod/xml/ocp_currency_dropdown.xml
   id        : Replaces currency blocks with a drop down menu.
   version   : 2
   vqmver    : 2.1.7
   author    : OpenCartPlus

File Name    : catalog/view/theme/*/template/common/header.tpl(0)
VQModObject::applyMod - EMPTY SEARCH CONTENT ERROR

File Name    : catalog/view/theme/*/template/common/header.tpl(0)
VQModObject::applyMod - SEARCH NOT FOUND (SKIPPED): 

----------------------------------------------------------------------


---------- Date: 2014-09-24 17:53:49 ~ IP : ::1 ----------
REQUEST URI : /index.php?route=account/return/insert
MOD DETAILS:
   modFile   : /Users/unobab/Desktop/kitchen/vqmod/xml/ocp_currency_dropdown.xml
   id        : Replaces currency blocks with a drop down menu.
   version   : 2
   vqmver    : 2.1.7
   author    : OpenCartPlus

File Name    : catalog/view/theme/*/template/common/header.tpl(0)
VQModObject::applyMod - EMPTY SEARCH CONTENT ERROR

File Name    : catalog/view/theme/*/template/common/header.tpl(0)
VQModObject::applyMod - SEARCH NOT FOUND (SKIPPED): 

----------------------------------------------------------------------


---------- Date: 2014-09-24 17:56:37 ~ IP : ::1 ----------
REQUEST URI : /index.php?route=common/home
MOD DETAILS:
   modFile   : /Users/unobab/Desktop/kitchen/vqmod/xml/ocp_currency_dropdown.xml
   id        : Replaces currency blocks with a drop down menu.
   version   : 2
   vqmver    : 2.1.7
   author    : OpenCartPlus

File Name    : catalog/view/theme/*/template/common/header.tpl(0)
VQModObject::applyMod - EMPTY SEARCH CONTENT ERROR

File Name    : catalog/view/theme/*/template/common/header.tpl(0)
VQModObject::applyMod - SEARCH NOT FOUND (SKIPPED): 

----------------------------------------------------------------------


---------- Date: 2014-09-24 17:57:59 ~ IP : ::1 ----------
REQUEST URI : /index.php?route=product/category&amp;path=60_62
MOD DETAILS:
   modFile   : /Users/unobab/Desktop/kitchen/vqmod/xml/ocp_currency_dropdown.xml
   id        : Replaces currency blocks with a drop down menu.
   version   : 2
   vqmver    : 2.1.7
   author    : OpenCartPlus

File Name    : catalog/view/theme/*/template/common/header.tpl(0)
VQModObject::applyMod - EMPTY SEARCH CONTENT ERROR

File Name    : catalog/view/theme/*/template/common/header.tpl(0)
VQModObject::applyMod - SEARCH NOT FOUND (SKIPPED): 

----------------------------------------------------------------------


---------- Date: 2014-09-24 17:58:15 ~ IP : ::1 ----------
REQUEST URI : /index.php?route=common/home
MOD DETAILS:
   modFile   : /Users/unobab/Desktop/kitchen/vqmod/xml/ocp_currency_dropdown.xml
   id        : Replaces currency blocks with a drop down menu.
   version   : 2
   vqmver    : 2.1.7
   author    : OpenCartPlus

File Name    : catalog/view/theme/*/template/common/header.tpl(0)
VQModObject::applyMod - EMPTY SEARCH CONTENT ERROR

File Name    : catalog/view/theme/*/template/common/header.tpl(0)
VQModObject::applyMod - SEARCH NOT FOUND (SKIPPED): 

----------------------------------------------------------------------


---------- Date: 2014-09-24 17:58:42 ~ IP : ::1 ----------
REQUEST URI : /index.php?route=checkout/checkout
MOD DETAILS:
   modFile   : /Users/unobab/Desktop/kitchen/vqmod/xml/ocp_currency_dropdown.xml
   id        : Replaces currency blocks with a drop down menu.
   version   : 2
   vqmver    : 2.1.7
   author    : OpenCartPlus

File Name    : catalog/view/theme/*/template/common/header.tpl(0)
VQModObject::applyMod - EMPTY SEARCH CONTENT ERROR

File Name    : catalog/view/theme/*/template/common/header.tpl(0)
VQModObject::applyMod - SEARCH NOT FOUND (SKIPPED): 

----------------------------------------------------------------------


---------- Date: 2014-09-24 17:59:21 ~ IP : ::1 ----------
REQUEST URI : /index.php?route=checkout/checkout
MOD DETAILS:
   modFile   : /Users/unobab/Desktop/kitchen/vqmod/xml/ocp_currency_dropdown.xml
   id        : Replaces currency blocks with a drop down menu.
   version   : 2
   vqmver    : 2.1.7
   author    : OpenCartPlus

File Name    : catalog/view/theme/*/template/common/header.tpl(0)
VQModObject::applyMod - EMPTY SEARCH CONTENT ERROR

File Name    : catalog/view/theme/*/template/common/header.tpl(0)
VQModObject::applyMod - SEARCH NOT FOUND (SKIPPED): 

----------------------------------------------------------------------


---------- Date: 2014-09-24 17:59:28 ~ IP : ::1 ----------
REQUEST URI : /index.php?route=checkout/checkout
MOD DETAILS:
   modFile   : /Users/unobab/Desktop/kitchen/vqmod/xml/ocp_currency_dropdown.xml
   id        : Replaces currency blocks with a drop down menu.
   version   : 2
   vqmver    : 2.1.7
   author    : OpenCartPlus

File Name    : catalog/view/theme/*/template/common/header.tpl(0)
VQModObject::applyMod - EMPTY SEARCH CONTENT ERROR

File Name    : catalog/view/theme/*/template/common/header.tpl(0)
VQModObject::applyMod - SEARCH NOT FOUND (SKIPPED): 

----------------------------------------------------------------------


---------- Date: 2014-09-24 18:01:25 ~ IP : ::1 ----------
REQUEST URI : /index.php?route=checkout/checkout
MOD DETAILS:
   modFile   : /Users/unobab/Desktop/kitchen/vqmod/xml/ocp_currency_dropdown.xml
   id        : Replaces currency blocks with a drop down menu.
   version   : 2
   vqmver    : 2.1.7
   author    : OpenCartPlus

File Name    : catalog/view/theme/*/template/common/header.tpl(0)
VQModObject::applyMod - EMPTY SEARCH CONTENT ERROR

File Name    : catalog/view/theme/*/template/common/header.tpl(0)
VQModObject::applyMod - SEARCH NOT FOUND (SKIPPED): 

----------------------------------------------------------------------


---------- Date: 2014-09-24 18:02:02 ~ IP : ::1 ----------
REQUEST URI : /index.php?route=checkout/checkout
MOD DETAILS:
   modFile   : /Users/unobab/Desktop/kitchen/vqmod/xml/ocp_currency_dropdown.xml
   id        : Replaces currency blocks with a drop down menu.
   version   : 2
   vqmver    : 2.1.7
   author    : OpenCartPlus

File Name    : catalog/view/theme/*/template/common/header.tpl(0)
VQModObject::applyMod - EMPTY SEARCH CONTENT ERROR

File Name    : catalog/view/theme/*/template/common/header.tpl(0)
VQModObject::applyMod - SEARCH NOT FOUND (SKIPPED): 

----------------------------------------------------------------------


---------- Date: 2014-09-24 18:02:09 ~ IP : ::1 ----------
REQUEST URI : /index.php?route=common/home
MOD DETAILS:
   modFile   : /Users/unobab/Desktop/kitchen/vqmod/xml/ocp_currency_dropdown.xml
   id        : Replaces currency blocks with a drop down menu.
   version   : 2
   vqmver    : 2.1.7
   author    : OpenCartPlus

File Name    : catalog/view/theme/*/template/common/header.tpl(0)
VQModObject::applyMod - EMPTY SEARCH CONTENT ERROR

File Name    : catalog/view/theme/*/template/common/header.tpl(0)
VQModObject::applyMod - SEARCH NOT FOUND (SKIPPED): 

----------------------------------------------------------------------


---------- Date: 2014-09-24 18:02:13 ~ IP : ::1 ----------
REQUEST URI : /index.php?route=account/return/insert
MOD DETAILS:
   modFile   : /Users/unobab/Desktop/kitchen/vqmod/xml/ocp_currency_dropdown.xml
   id        : Replaces currency blocks with a drop down menu.
   version   : 2
   vqmver    : 2.1.7
   author    : OpenCartPlus

File Name    : catalog/view/theme/*/template/common/header.tpl(0)
VQModObject::applyMod - EMPTY SEARCH CONTENT ERROR

File Name    : catalog/view/theme/*/template/common/header.tpl(0)
VQModObject::applyMod - SEARCH NOT FOUND (SKIPPED): 

----------------------------------------------------------------------


---------- Date: 2014-09-24 18:02:18 ~ IP : ::1 ----------
REQUEST URI : /index.php?route=information/sitemap
MOD DETAILS:
   modFile   : /Users/unobab/Desktop/kitchen/vqmod/xml/ocp_currency_dropdown.xml
   id        : Replaces currency blocks with a drop down menu.
   version   : 2
   vqmver    : 2.1.7
   author    : OpenCartPlus

File Name    : catalog/view/theme/*/template/common/header.tpl(0)
VQModObject::applyMod - EMPTY SEARCH CONTENT ERROR

File Name    : catalog/view/theme/*/template/common/header.tpl(0)
VQModObject::applyMod - SEARCH NOT FOUND (SKIPPED): 

----------------------------------------------------------------------


---------- Date: 2014-09-24 18:02:27 ~ IP : ::1 ----------
REQUEST URI : /index.php?route=product/category&amp;path=60_61
MOD DETAILS:
   modFile   : /Users/unobab/Desktop/kitchen/vqmod/xml/ocp_currency_dropdown.xml
   id        : Replaces currency blocks with a drop down menu.
   version   : 2
   vqmver    : 2.1.7
   author    : OpenCartPlus

File Name    : catalog/view/theme/*/template/common/header.tpl(0)
VQModObject::applyMod - EMPTY SEARCH CONTENT ERROR

File Name    : catalog/view/theme/*/template/common/header.tpl(0)
VQModObject::applyMod - SEARCH NOT FOUND (SKIPPED): 

----------------------------------------------------------------------


---------- Date: 2014-09-24 18:02:37 ~ IP : ::1 ----------
REQUEST URI : /index.php?route=common/home
MOD DETAILS:
   modFile   : /Users/unobab/Desktop/kitchen/vqmod/xml/ocp_currency_dropdown.xml
   id        : Replaces currency blocks with a drop down menu.
   version   : 2
   vqmver    : 2.1.7
   author    : OpenCartPlus

File Name    : catalog/view/theme/*/template/common/header.tpl(0)
VQModObject::applyMod - EMPTY SEARCH CONTENT ERROR

File Name    : catalog/view/theme/*/template/common/header.tpl(0)
VQModObject::applyMod - SEARCH NOT FOUND (SKIPPED): 

----------------------------------------------------------------------


---------- Date: 2014-09-24 18:03:22 ~ IP : ::1 ----------
REQUEST URI : /index.php?route=checkout/cart
MOD DETAILS:
   modFile   : /Users/unobab/Desktop/kitchen/vqmod/xml/ocp_currency_dropdown.xml
   id        : Replaces currency blocks with a drop down menu.
   version   : 2
   vqmver    : 2.1.7
   author    : OpenCartPlus

File Name    : catalog/view/theme/*/template/common/header.tpl(0)
VQModObject::applyMod - EMPTY SEARCH CONTENT ERROR

File Name    : catalog/view/theme/*/template/common/header.tpl(0)
VQModObject::applyMod - SEARCH NOT FOUND (SKIPPED): 

----------------------------------------------------------------------


---------- Date: 2014-09-24 18:03:35 ~ IP : ::1 ----------
REQUEST URI : /index.php?route=checkout/cart
MOD DETAILS:
   modFile   : /Users/unobab/Desktop/kitchen/vqmod/xml/ocp_currency_dropdown.xml
   id        : Replaces currency blocks with a drop down menu.
   version   : 2
   vqmver    : 2.1.7
   author    : OpenCartPlus

File Name    : catalog/view/theme/*/template/common/header.tpl(0)
VQModObject::applyMod - EMPTY SEARCH CONTENT ERROR

File Name    : catalog/view/theme/*/template/common/header.tpl(0)
VQModObject::applyMod - SEARCH NOT FOUND (SKIPPED): 

----------------------------------------------------------------------


---------- Date: 2014-09-24 18:03:43 ~ IP : ::1 ----------
REQUEST URI : /index.php?route=checkout/cart
MOD DETAILS:
   modFile   : /Users/unobab/Desktop/kitchen/vqmod/xml/ocp_currency_dropdown.xml
   id        : Replaces currency blocks with a drop down menu.
   version   : 2
   vqmver    : 2.1.7
   author    : OpenCartPlus

File Name    : catalog/view/theme/*/template/common/header.tpl(0)
VQModObject::applyMod - EMPTY SEARCH CONTENT ERROR

File Name    : catalog/view/theme/*/template/common/header.tpl(0)
VQModObject::applyMod - SEARCH NOT FOUND (SKIPPED): 

----------------------------------------------------------------------


---------- Date: 2014-09-24 18:14:57 ~ IP : ::1 ----------
REQUEST URI : /index.php?route=common/home
MOD DETAILS:
   modFile   : /Users/unobab/Desktop/kitchen/vqmod/xml/ocp_currency_dropdown.xml
   id        : Replaces currency blocks with a drop down menu.
   version   : 2
   vqmver    : 2.1.7
   author    : OpenCartPlus

File Name    : catalog/view/theme/*/template/common/header.tpl(0)
VQModObject::applyMod - EMPTY SEARCH CONTENT ERROR

File Name    : catalog/view/theme/*/template/common/header.tpl(0)
VQModObject::applyMod - SEARCH NOT FOUND (SKIPPED): 

----------------------------------------------------------------------


---------- Date: 2014-09-24 18:19:17 ~ IP : ::1 ----------
REQUEST URI : /index.php?route=common/home
MOD DETAILS:
   modFile   : /Users/unobab/Desktop/kitchen/vqmod/xml/ocp_currency_dropdown.xml
   id        : Replaces currency blocks with a drop down menu.
   version   : 2
   vqmver    : 2.1.7
   author    : OpenCartPlus

File Name    : catalog/view/theme/*/template/common/header.tpl(0)
VQModObject::applyMod - EMPTY SEARCH CONTENT ERROR

File Name    : catalog/view/theme/*/template/common/header.tpl(0)
VQModObject::applyMod - SEARCH NOT FOUND (SKIPPED): 

----------------------------------------------------------------------


---------- Date: 2014-09-24 18:20:13 ~ IP : ::1 ----------
REQUEST URI : /index.php?route=common/home
MOD DETAILS:
   modFile   : /Users/unobab/Desktop/kitchen/vqmod/xml/ocp_currency_dropdown.xml
   id        : Replaces currency blocks with a drop down menu.
   version   : 2
   vqmver    : 2.1.7
   author    : OpenCartPlus

File Name    : catalog/view/theme/*/template/common/header.tpl(0)
VQModObject::applyMod - EMPTY SEARCH CONTENT ERROR

File Name    : catalog/view/theme/*/template/common/header.tpl(0)
VQModObject::applyMod - SEARCH NOT FOUND (SKIPPED): 

----------------------------------------------------------------------


---------- Date: 2014-09-24 18:20:38 ~ IP : ::1 ----------
REQUEST URI : /index.php?route=common/home
MOD DETAILS:
   modFile   : /Users/unobab/Desktop/kitchen/vqmod/xml/ocp_currency_dropdown.xml
   id        : Replaces currency blocks with a drop down menu.
   version   : 2
   vqmver    : 2.1.7
   author    : OpenCartPlus

File Name    : catalog/view/theme/*/template/common/header.tpl(0)
VQModObject::applyMod - EMPTY SEARCH CONTENT ERROR

File Name    : catalog/view/theme/*/template/common/header.tpl(0)
VQModObject::applyMod - SEARCH NOT FOUND (SKIPPED): 

----------------------------------------------------------------------


---------- Date: 2014-09-24 18:21:18 ~ IP : ::1 ----------
REQUEST URI : /index.php?route=common/home
MOD DETAILS:
   modFile   : /Users/unobab/Desktop/kitchen/vqmod/xml/ocp_currency_dropdown.xml
   id        : Replaces currency blocks with a drop down menu.
   version   : 2
   vqmver    : 2.1.7
   author    : OpenCartPlus

File Name    : catalog/view/theme/*/template/common/header.tpl(0)
VQModObject::applyMod - EMPTY SEARCH CONTENT ERROR

File Name    : catalog/view/theme/*/template/common/header.tpl(0)
VQModObject::applyMod - SEARCH NOT FOUND (SKIPPED): 

----------------------------------------------------------------------


---------- Date: 2014-09-24 18:22:19 ~ IP : ::1 ----------
REQUEST URI : /index.php?route=account/track_order
MOD DETAILS:
   modFile   : /Users/unobab/Desktop/kitchen/vqmod/xml/ocp_currency_dropdown.xml
   id        : Replaces currency blocks with a drop down menu.
   version   : 2
   vqmver    : 2.1.7
   author    : OpenCartPlus

File Name    : catalog/view/theme/*/template/common/header.tpl(0)
VQModObject::applyMod - EMPTY SEARCH CONTENT ERROR

File Name    : catalog/view/theme/*/template/common/header.tpl(0)
VQModObject::applyMod - SEARCH NOT FOUND (SKIPPED): 

----------------------------------------------------------------------


---------- Date: 2014-09-24 18:24:08 ~ IP : ::1 ----------
REQUEST URI : /index.php?route=account/track_order
MOD DETAILS:
   modFile   : /Users/unobab/Desktop/kitchen/vqmod/xml/ocp_currency_dropdown.xml
   id        : Replaces currency blocks with a drop down menu.
   version   : 2
   vqmver    : 2.1.7
   author    : OpenCartPlus

File Name    : catalog/view/theme/*/template/common/header.tpl(0)
VQModObject::applyMod - EMPTY SEARCH CONTENT ERROR

File Name    : catalog/view/theme/*/template/common/header.tpl(0)
VQModObject::applyMod - SEARCH NOT FOUND (SKIPPED): 

----------------------------------------------------------------------


---------- Date: 2014-09-24 18:25:38 ~ IP : ::1 ----------
REQUEST URI : /index.php?route=account/track_order
MOD DETAILS:
   modFile   : /Users/unobab/Desktop/kitchen/vqmod/xml/ocp_currency_dropdown.xml
   id        : Replaces currency blocks with a drop down menu.
   version   : 2
   vqmver    : 2.1.7
   author    : OpenCartPlus

File Name    : catalog/view/theme/*/template/common/header.tpl(0)
VQModObject::applyMod - EMPTY SEARCH CONTENT ERROR

File Name    : catalog/view/theme/*/template/common/header.tpl(0)
VQModObject::applyMod - SEARCH NOT FOUND (SKIPPED): 

----------------------------------------------------------------------


---------- Date: 2014-09-24 18:26:44 ~ IP : ::1 ----------
REQUEST URI : /index.php?route=account/track_order
MOD DETAILS:
   modFile   : /Users/unobab/Desktop/kitchen/vqmod/xml/ocp_currency_dropdown.xml
   id        : Replaces currency blocks with a drop down menu.
   version   : 2
   vqmver    : 2.1.7
   author    : OpenCartPlus

File Name    : catalog/view/theme/*/template/common/header.tpl(0)
VQModObject::applyMod - EMPTY SEARCH CONTENT ERROR

File Name    : catalog/view/theme/*/template/common/header.tpl(0)
VQModObject::applyMod - SEARCH NOT FOUND (SKIPPED): 

----------------------------------------------------------------------


---------- Date: 2014-09-24 18:27:34 ~ IP : ::1 ----------
REQUEST URI : /index.php?route=account/track_order
MOD DETAILS:
   modFile   : /Users/unobab/Desktop/kitchen/vqmod/xml/ocp_currency_dropdown.xml
   id        : Replaces currency blocks with a drop down menu.
   version   : 2
   vqmver    : 2.1.7
   author    : OpenCartPlus

File Name    : catalog/view/theme/*/template/common/header.tpl(0)
VQModObject::applyMod - EMPTY SEARCH CONTENT ERROR

File Name    : catalog/view/theme/*/template/common/header.tpl(0)
VQModObject::applyMod - SEARCH NOT FOUND (SKIPPED): 

----------------------------------------------------------------------


---------- Date: 2014-09-24 18:30:55 ~ IP : ::1 ----------
REQUEST URI : /index.php?route=account/track_order
MOD DETAILS:
   modFile   : /Users/unobab/Desktop/kitchen/vqmod/xml/ocp_currency_dropdown.xml
   id        : Replaces currency blocks with a drop down menu.
   version   : 2
   vqmver    : 2.1.7
   author    : OpenCartPlus

File Name    : catalog/view/theme/*/template/common/header.tpl(0)
VQModObject::applyMod - EMPTY SEARCH CONTENT ERROR

File Name    : catalog/view/theme/*/template/common/header.tpl(0)
VQModObject::applyMod - SEARCH NOT FOUND (SKIPPED): 

----------------------------------------------------------------------


---------- Date: 2014-09-24 18:31:04 ~ IP : ::1 ----------
REQUEST URI : /index.php?route=account/track_order
MOD DETAILS:
   modFile   : /Users/unobab/Desktop/kitchen/vqmod/xml/ocp_currency_dropdown.xml
   id        : Replaces currency blocks with a drop down menu.
   version   : 2
   vqmver    : 2.1.7
   author    : OpenCartPlus

File Name    : catalog/view/theme/*/template/common/header.tpl(0)
VQModObject::applyMod - EMPTY SEARCH CONTENT ERROR

File Name    : catalog/view/theme/*/template/common/header.tpl(0)
VQModObject::applyMod - SEARCH NOT FOUND (SKIPPED): 

----------------------------------------------------------------------


---------- Date: 2014-09-24 18:31:46 ~ IP : ::1 ----------
REQUEST URI : /index.php?route=account/track_order
MOD DETAILS:
   modFile   : /Users/unobab/Desktop/kitchen/vqmod/xml/ocp_currency_dropdown.xml
   id        : Replaces currency blocks with a drop down menu.
   version   : 2
   vqmver    : 2.1.7
   author    : OpenCartPlus

File Name    : catalog/view/theme/*/template/common/header.tpl(0)
VQModObject::applyMod - EMPTY SEARCH CONTENT ERROR

File Name    : catalog/view/theme/*/template/common/header.tpl(0)
VQModObject::applyMod - SEARCH NOT FOUND (SKIPPED): 

----------------------------------------------------------------------


---------- Date: 2014-09-24 18:32:05 ~ IP : ::1 ----------
REQUEST URI : /index.php?route=account/track_order
MOD DETAILS:
   modFile   : /Users/unobab/Desktop/kitchen/vqmod/xml/ocp_currency_dropdown.xml
   id        : Replaces currency blocks with a drop down menu.
   version   : 2
   vqmver    : 2.1.7
   author    : OpenCartPlus

File Name    : catalog/view/theme/*/template/common/header.tpl(0)
VQModObject::applyMod - EMPTY SEARCH CONTENT ERROR

File Name    : catalog/view/theme/*/template/common/header.tpl(0)
VQModObject::applyMod - SEARCH NOT FOUND (SKIPPED): 

----------------------------------------------------------------------


---------- Date: 2014-09-24 18:32:35 ~ IP : ::1 ----------
REQUEST URI : /index.php?route=account/track_order
MOD DETAILS:
   modFile   : /Users/unobab/Desktop/kitchen/vqmod/xml/ocp_currency_dropdown.xml
   id        : Replaces currency blocks with a drop down menu.
   version   : 2
   vqmver    : 2.1.7
   author    : OpenCartPlus

File Name    : catalog/view/theme/*/template/common/header.tpl(0)
VQModObject::applyMod - EMPTY SEARCH CONTENT ERROR

File Name    : catalog/view/theme/*/template/common/header.tpl(0)
VQModObject::applyMod - SEARCH NOT FOUND (SKIPPED): 

----------------------------------------------------------------------


---------- Date: 2014-09-24 18:34:02 ~ IP : ::1 ----------
REQUEST URI : /index.php?route=account/track_order
MOD DETAILS:
   modFile   : /Users/unobab/Desktop/kitchen/vqmod/xml/ocp_currency_dropdown.xml
   id        : Replaces currency blocks with a drop down menu.
   version   : 2
   vqmver    : 2.1.7
   author    : OpenCartPlus

File Name    : catalog/view/theme/*/template/common/header.tpl(0)
VQModObject::applyMod - EMPTY SEARCH CONTENT ERROR

File Name    : catalog/view/theme/*/template/common/header.tpl(0)
VQModObject::applyMod - SEARCH NOT FOUND (SKIPPED): 

----------------------------------------------------------------------


---------- Date: 2014-09-24 18:35:18 ~ IP : ::1 ----------
REQUEST URI : /index.php?route=account/login
MOD DETAILS:
   modFile   : /Users/unobab/Desktop/kitchen/vqmod/xml/ocp_currency_dropdown.xml
   id        : Replaces currency blocks with a drop down menu.
   version   : 2
   vqmver    : 2.1.7
   author    : OpenCartPlus

File Name    : catalog/view/theme/*/template/common/header.tpl(0)
VQModObject::applyMod - EMPTY SEARCH CONTENT ERROR

File Name    : catalog/view/theme/*/template/common/header.tpl(0)
VQModObject::applyMod - SEARCH NOT FOUND (SKIPPED): 

----------------------------------------------------------------------


